2024-06-12 12:24:22.0711|INFO|Microsoft.AspNetCore.DataProtection.KeyManagement.XmlKeyManager|User profile is available. Using 'C:\Users\dilee\AppData\Local\ASP.NET\DataProtection-Keys' as key repository and Windows DPAPI to encrypt keys at rest.
2024-06-12 12:24:23.5831|INFO|Microsoft.Hosting.Lifetime|Now listening on: https://localhost:7062
2024-06-12 12:24:23.5831|INFO|Microsoft.Hosting.Lifetime|Now listening on: http://localhost:5095
2024-06-12 12:24:23.6475|INFO|Microsoft.Hosting.Lifetime|Application started. Press Ctrl+C to shut down.
2024-06-12 12:24:23.6475|INFO|Microsoft.Hosting.Lifetime|Hosting environment: Development
2024-06-12 12:24:23.6475|INFO|Microsoft.Hosting.Lifetime|Content root path: C:\Users\dilee\source\repos\E-Insurance\E-Insurance
2024-06-12 12:24:24.8917|INFO|Microsoft.AspNetCore.Hosting.Diagnostics|Request starting HTTP/2 GET https://localhost:7062/swagger/index.html - - -
2024-06-12 12:24:25.7247|INFO|Microsoft.AspNetCore.Hosting.Diagnostics|Request finished HTTP/2 GET https://localhost:7062/swagger/index.html - 200 - text/html;charset=utf-8 848.0712ms
2024-06-12 12:24:25.7627|INFO|Microsoft.AspNetCore.Hosting.Diagnostics|Request starting HTTP/2 GET https://localhost:7062/_framework/aspnetcore-browser-refresh.js - - -
2024-06-12 12:24:25.7653|INFO|Microsoft.AspNetCore.Hosting.Diagnostics|Request starting HTTP/2 GET https://localhost:7062/_vs/browserLink - - -
2024-06-12 12:24:25.7653|INFO|Microsoft.AspNetCore.Hosting.Diagnostics|Request finished HTTP/2 GET https://localhost:7062/_framework/aspnetcore-browser-refresh.js - 200 13758 application/javascript;+charset=utf-8 12.1570ms
2024-06-12 12:24:25.8639|INFO|Microsoft.AspNetCore.Hosting.Diagnostics|Request finished HTTP/2 GET https://localhost:7062/_vs/browserLink - 200 - text/javascript;+charset=UTF-8 98.8770ms
2024-06-12 12:24:26.2990|INFO|Microsoft.AspNetCore.Hosting.Diagnostics|Request starting HTTP/2 GET https://localhost:7062/swagger/v1/swagger.json - - -
2024-06-12 12:24:26.7142|INFO|Microsoft.AspNetCore.Hosting.Diagnostics|Request finished HTTP/2 GET https://localhost:7062/swagger/v1/swagger.json - 200 - application/json;charset=utf-8 415.2381ms
2024-06-12 12:25:04.6214|INFO|Microsoft.AspNetCore.Hosting.Diagnostics|Request starting HTTP/2 GET https://localhost:7062/api/payment/getReceipt?PurchaseId=3 - - -
2024-06-12 12:25:04.7734|INFO|Microsoft.AspNetCore.Routing.EndpointMiddleware|Executing endpoint 'E_Insurance.Controllers.paymentController.GenerateReceipt (E-Insurance)'
2024-06-12 12:25:04.8428|INFO|Microsoft.AspNetCore.Mvc.Infrastructure.ControllerActionInvoker|Route matched with {action = "GenerateReceipt", controller = "payment"}. Executing controller action with signature System.Threading.Tasks.Task`1[Microsoft.AspNetCore.Mvc.IActionResult] GenerateReceipt(Int32) on controller E_Insurance.Controllers.paymentController (E-Insurance).
2024-06-12 12:25:05.1089|INFO|Microsoft.AspNetCore.Mvc.Infrastructure.ObjectResultExecutor|Executing BadRequestObjectResult, writing value of type 'System.String'.
2024-06-12 12:25:05.1089|INFO|Microsoft.AspNetCore.Mvc.Infrastructure.ControllerActionInvoker|Executed action E_Insurance.Controllers.paymentController.GenerateReceipt (E-Insurance) in 266.7389ms
2024-06-12 12:25:05.1089|INFO|Microsoft.AspNetCore.Routing.EndpointMiddleware|Executed endpoint 'E_Insurance.Controllers.paymentController.GenerateReceipt (E-Insurance)'
2024-06-12 12:25:05.1089|INFO|Microsoft.AspNetCore.Hosting.Diagnostics|Request finished HTTP/2 GET https://localhost:7062/api/payment/getReceipt?PurchaseId=3 - 400 - text/plain;+charset=utf-8 498.5458ms
2024-06-12 12:26:41.1313|INFO|Microsoft.AspNetCore.Hosting.Diagnostics|Request starting HTTP/2 POST https://localhost:7062/api/registration/login - application/json 85
2024-06-12 12:26:41.1736|INFO|Microsoft.AspNetCore.Routing.EndpointMiddleware|Executing endpoint 'E_Insurance.Controllers.registrationController.Login (E-Insurance)'
2024-06-12 12:26:41.2126|INFO|Microsoft.AspNetCore.Mvc.Infrastructure.ControllerActionInvoker|Route matched with {action = "Login", controller = "registration"}. Executing controller action with signature System.Threading.Tasks.Task`1[Microsoft.AspNetCore.Mvc.IActionResult] Login(ModelLayer.RequestDTO.Registration.UserLoginRequest) on controller E_Insurance.Controllers.registrationController (E-Insurance).
2024-06-12 12:26:43.5893|INFO|RepositoryLayer.Services.RegistrationServiceRepo|Login API Executed
2024-06-12 12:26:43.6883|INFO|Microsoft.AspNetCore.Mvc.Infrastructure.ObjectResultExecutor|Executing OkObjectResult, writing value of type 'ModelLayer.ResponseDTO.ResponseModel`1[[System.String, System.Private.CoreLib, Version=8.0.0.0, Culture=neutral, PublicKeyToken=7cec85d7bea7798e]]'.
2024-06-12 12:26:43.6883|INFO|Microsoft.AspNetCore.Mvc.Infrastructure.ControllerActionInvoker|Executed action E_Insurance.Controllers.registrationController.Login (E-Insurance) in 2481.2851ms
2024-06-12 12:26:43.6883|INFO|Microsoft.AspNetCore.Routing.EndpointMiddleware|Executed endpoint 'E_Insurance.Controllers.registrationController.Login (E-Insurance)'
2024-06-12 12:26:43.6883|INFO|Microsoft.AspNetCore.Hosting.Diagnostics|Request finished HTTP/2 POST https://localhost:7062/api/registration/login - 200 - application/json;+charset=utf-8 2568.2053ms
2024-06-12 12:27:11.2224|INFO|Microsoft.AspNetCore.Hosting.Diagnostics|Request starting HTTP/2 GET https://localhost:7062/api/payment/getReceipt?PurchaseId=3 - - -
2024-06-12 12:27:11.3460|INFO|Microsoft.AspNetCore.Routing.EndpointMiddleware|Executing endpoint 'E_Insurance.Controllers.paymentController.GenerateReceipt (E-Insurance)'
2024-06-12 12:27:11.3460|INFO|Microsoft.AspNetCore.Mvc.Infrastructure.ControllerActionInvoker|Route matched with {action = "GenerateReceipt", controller = "payment"}. Executing controller action with signature System.Threading.Tasks.Task`1[Microsoft.AspNetCore.Mvc.IActionResult] GenerateReceipt(Int32) on controller E_Insurance.Controllers.paymentController (E-Insurance).
2024-06-12 12:27:11.3587|INFO|RepositoryLayer.Services.PaymentServiceRepo|Get Receipt Executed
2024-06-12 12:27:11.4410|INFO|Microsoft.AspNetCore.Mvc.Infrastructure.ObjectResultExecutor|Executing OkObjectResult, writing value of type 'ModelLayer.ResponseDTO.ResponseModel`1[[ModelLayer.Entities.PaymentEntity, ModelLayer, Version=1.0.0.0, Culture=neutral, PublicKeyToken=null]]'.
2024-06-12 12:27:11.4838|INFO|Microsoft.AspNetCore.Mvc.Infrastructure.ControllerActionInvoker|Executed action E_Insurance.Controllers.paymentController.GenerateReceipt (E-Insurance) in 134.6712ms
2024-06-12 12:27:11.4838|INFO|Microsoft.AspNetCore.Routing.EndpointMiddleware|Executed endpoint 'E_Insurance.Controllers.paymentController.GenerateReceipt (E-Insurance)'
2024-06-12 12:27:11.4838|INFO|Microsoft.AspNetCore.Hosting.Diagnostics|Request finished HTTP/2 GET https://localhost:7062/api/payment/getReceipt?PurchaseId=3 - 200 - application/json;+charset=utf-8 262.0487ms
2024-06-12 12:29:13.9510|INFO|Microsoft.AspNetCore.Hosting.Diagnostics|Request starting HTTP/2 GET https://localhost:7062/api/payment/getReceipt?PurchaseId=3 - - -
2024-06-12 12:29:13.9547|INFO|Microsoft.AspNetCore.Routing.EndpointMiddleware|Executing endpoint 'E_Insurance.Controllers.paymentController.GenerateReceipt (E-Insurance)'
2024-06-12 12:29:13.9547|INFO|Microsoft.AspNetCore.Mvc.Infrastructure.ControllerActionInvoker|Route matched with {action = "GenerateReceipt", controller = "payment"}. Executing controller action with signature System.Threading.Tasks.Task`1[Microsoft.AspNetCore.Mvc.IActionResult] GenerateReceipt(Int32) on controller E_Insurance.Controllers.paymentController (E-Insurance).
2024-06-12 12:29:13.9547|INFO|RepositoryLayer.Services.PaymentServiceRepo|Get Receipt Executed
2024-06-12 12:29:13.9817|INFO|Microsoft.AspNetCore.Mvc.Infrastructure.ObjectResultExecutor|Executing OkObjectResult, writing value of type 'ModelLayer.ResponseDTO.ResponseModel`1[[ModelLayer.Entities.PaymentEntity, ModelLayer, Version=1.0.0.0, Culture=neutral, PublicKeyToken=null]]'.
2024-06-12 12:29:13.9817|INFO|Microsoft.AspNetCore.Mvc.Infrastructure.ControllerActionInvoker|Executed action E_Insurance.Controllers.paymentController.GenerateReceipt (E-Insurance) in 26.9096ms
2024-06-12 12:29:13.9824|INFO|Microsoft.AspNetCore.Routing.EndpointMiddleware|Executed endpoint 'E_Insurance.Controllers.paymentController.GenerateReceipt (E-Insurance)'
2024-06-12 12:29:13.9824|INFO|Microsoft.AspNetCore.Hosting.Diagnostics|Request finished HTTP/2 GET https://localhost:7062/api/payment/getReceipt?PurchaseId=3 - 200 - application/json;+charset=utf-8 32.5480ms
2024-06-12 13:10:16.9588|INFO|Microsoft.AspNetCore.Hosting.Diagnostics|Request starting HTTP/2 GET https://localhost:7062/api/payment/getReceipt?PurchaseId=3 - - -
2024-06-12 13:10:17.1877|INFO|Microsoft.AspNetCore.Routing.EndpointMiddleware|Executing endpoint 'E_Insurance.Controllers.paymentController.GenerateReceipt (E-Insurance)'
2024-06-12 13:10:17.2065|INFO|Microsoft.AspNetCore.Mvc.Infrastructure.ControllerActionInvoker|Route matched with {action = "GenerateReceipt", controller = "payment"}. Executing controller action with signature System.Threading.Tasks.Task`1[Microsoft.AspNetCore.Mvc.IActionResult] GenerateReceipt(Int32) on controller E_Insurance.Controllers.paymentController (E-Insurance).
2024-06-12 13:10:17.2754|INFO|RepositoryLayer.Services.PaymentServiceRepo|Get Receipt Executed
2024-06-12 13:10:17.5404|INFO|Microsoft.AspNetCore.Mvc.Infrastructure.ObjectResultExecutor|Executing OkObjectResult, writing value of type 'ModelLayer.ResponseDTO.ResponseModel`1[[ModelLayer.Entities.PaymentEntity, ModelLayer, Version=1.0.0.0, Culture=neutral, PublicKeyToken=null]]'.
2024-06-12 13:10:17.5498|INFO|Microsoft.AspNetCore.Mvc.Infrastructure.ControllerActionInvoker|Executed action E_Insurance.Controllers.paymentController.GenerateReceipt (E-Insurance) in 341.9251ms
2024-06-12 13:10:17.5498|INFO|Microsoft.AspNetCore.Routing.EndpointMiddleware|Executed endpoint 'E_Insurance.Controllers.paymentController.GenerateReceipt (E-Insurance)'
2024-06-12 13:10:17.5498|INFO|Microsoft.AspNetCore.Hosting.Diagnostics|Request finished HTTP/2 GET https://localhost:7062/api/payment/getReceipt?PurchaseId=3 - 200 - application/json;+charset=utf-8 605.7643ms
2024-06-12 13:13:01.9193|INFO|Microsoft.AspNetCore.Hosting.Diagnostics|Request starting HTTP/2 GET https://localhost:7062/api/payment/getReceipt?PurchaseId=3 - - -
2024-06-12 13:13:02.0045|INFO|Microsoft.AspNetCore.Routing.EndpointMiddleware|Executing endpoint 'E_Insurance.Controllers.paymentController.GenerateReceipt (E-Insurance)'
2024-06-12 13:13:02.0045|INFO|Microsoft.AspNetCore.Mvc.Infrastructure.ControllerActionInvoker|Route matched with {action = "GenerateReceipt", controller = "payment"}. Executing controller action with signature System.Threading.Tasks.Task`1[Microsoft.AspNetCore.Mvc.IActionResult] GenerateReceipt(Int32) on controller E_Insurance.Controllers.paymentController (E-Insurance).
2024-06-12 13:13:02.0283|INFO|RepositoryLayer.Services.PaymentServiceRepo|Get Receipt Executed
2024-06-12 13:13:02.7017|INFO|Microsoft.AspNetCore.Mvc.Infrastructure.ObjectResultExecutor|Executing OkObjectResult, writing value of type 'ModelLayer.ResponseDTO.ResponseModel`1[[ModelLayer.Entities.PaymentEntity, ModelLayer, Version=1.0.0.0, Culture=neutral, PublicKeyToken=null]]'.
2024-06-12 13:13:02.7327|INFO|Microsoft.AspNetCore.Mvc.Infrastructure.ControllerActionInvoker|Executed action E_Insurance.Controllers.paymentController.GenerateReceipt (E-Insurance) in 720.2226ms
2024-06-12 13:13:02.7327|INFO|Microsoft.AspNetCore.Routing.EndpointMiddleware|Executed endpoint 'E_Insurance.Controllers.paymentController.GenerateReceipt (E-Insurance)'
2024-06-12 13:13:02.7327|INFO|Microsoft.AspNetCore.Hosting.Diagnostics|Request finished HTTP/2 GET https://localhost:7062/api/payment/getReceipt?PurchaseId=3 - 200 - application/json;+charset=utf-8 822.2218ms
2024-06-12 13:33:04.5770|INFO|Microsoft.AspNetCore.Hosting.Diagnostics|Request starting HTTP/2 GET https://localhost:7062/api/purchase - - -
2024-06-12 13:33:04.7636|INFO|Microsoft.AspNetCore.Routing.EndpointMiddleware|Executing endpoint 'E_Insurance.Controllers.purchaseController.ViewPolicies (E-Insurance)'
2024-06-12 13:33:04.8337|INFO|Microsoft.AspNetCore.Mvc.Infrastructure.ControllerActionInvoker|Route matched with {action = "ViewPolicies", controller = "purchase"}. Executing controller action with signature System.Threading.Tasks.Task`1[Microsoft.AspNetCore.Mvc.IActionResult] ViewPolicies() on controller E_Insurance.Controllers.purchaseController (E-Insurance).
2024-06-12 13:33:04.9037|INFO|RepositoryLayer.Services.PurchaseServiceRepo|Get policies Executed
2024-06-12 13:33:05.7153|ERROR|RepositoryLayer.Services.PurchaseServiceRepo|Error occurred while Fetching policy|Microsoft.Data.SqlClient.SqlException (0x80131904): Invalid object name 'PolicyPurchase'.
   at Microsoft.Data.SqlClient.SqlCommand.<>c.<ExecuteDbDataReaderAsync>b__195_0(Task`1 result)
   at System.Threading.Tasks.ContinuationResultTaskFromResultTask`2.InnerInvoke()
   at System.Threading.ExecutionContext.RunInternal(ExecutionContext executionContext, ContextCallback callback, Object state)
--- End of stack trace from previous location ---
   at System.Threading.ExecutionContext.RunInternal(ExecutionContext executionContext, ContextCallback callback, Object state)
   at System.Threading.Tasks.Task.ExecuteWithThreadLocal(Task& currentTaskSlot, Thread threadPoolThread)
--- End of stack trace from previous location ---
   at Dapper.SqlMapper.QueryAsync[T](IDbConnection cnn, Type effectiveType, CommandDefinition command) in /_/Dapper/SqlMapper.Async.cs:line 434
   at RepositoryLayer.Services.PurchaseServiceRepo.ViewPolicies(Int32 CustomerId) in C:\Users\dilee\source\repos\E-Insurance\RepositoryLayer\Services\PurchaseServiceRepo.cs:line 63
ClientConnectionId:2b793b2a-ee0e-403a-9134-1096bf8fb400
Error Number:208,State:1,Class:16
2024-06-12 13:33:06.6888|INFO|Microsoft.AspNetCore.Mvc.Infrastructure.ObjectResultExecutor|Executing BadRequestObjectResult, writing value of type 'System.String'.
2024-06-12 13:33:06.6888|INFO|Microsoft.AspNetCore.Mvc.Infrastructure.ControllerActionInvoker|Executed action E_Insurance.Controllers.purchaseController.ViewPolicies (E-Insurance) in 1855.4417ms
2024-06-12 13:33:06.6888|INFO|Microsoft.AspNetCore.Routing.EndpointMiddleware|Executed endpoint 'E_Insurance.Controllers.purchaseController.ViewPolicies (E-Insurance)'
2024-06-12 13:33:06.6888|INFO|Microsoft.AspNetCore.Hosting.Diagnostics|Request finished HTTP/2 GET https://localhost:7062/api/purchase - 400 - text/plain;+charset=utf-8 2122.2965ms
2024-06-12 13:34:06.2153|INFO|Microsoft.AspNetCore.Hosting.Diagnostics|Request starting HTTP/2 GET https://localhost:7062/api/purchase - - -
2024-06-12 13:34:06.2303|INFO|Microsoft.AspNetCore.Routing.EndpointMiddleware|Executing endpoint 'E_Insurance.Controllers.purchaseController.ViewPolicies (E-Insurance)'
2024-06-12 13:34:06.2303|INFO|Microsoft.AspNetCore.Mvc.Infrastructure.ControllerActionInvoker|Route matched with {action = "ViewPolicies", controller = "purchase"}. Executing controller action with signature System.Threading.Tasks.Task`1[Microsoft.AspNetCore.Mvc.IActionResult] ViewPolicies() on controller E_Insurance.Controllers.purchaseController (E-Insurance).
2024-06-12 13:34:06.2303|INFO|RepositoryLayer.Services.PurchaseServiceRepo|Get policies Executed
2024-06-12 13:34:06.3403|INFO|Microsoft.AspNetCore.Mvc.Infrastructure.ObjectResultExecutor|Executing OkObjectResult, writing value of type 'ModelLayer.ResponseDTO.ResponseModel`1[[System.Collections.Generic.IEnumerable`1[[ModelLayer.Entities.PolicyPurchaseEntity, ModelLayer, Version=1.0.0.0, Culture=neutral, PublicKeyToken=null]], System.Private.CoreLib, Version=8.0.0.0, Culture=neutral, PublicKeyToken=7cec85d7bea7798e]]'.
2024-06-12 13:34:06.3760|INFO|Microsoft.AspNetCore.Mvc.Infrastructure.ControllerActionInvoker|Executed action E_Insurance.Controllers.purchaseController.ViewPolicies (E-Insurance) in 145.5028ms
2024-06-12 13:34:06.3760|INFO|Microsoft.AspNetCore.Routing.EndpointMiddleware|Executed endpoint 'E_Insurance.Controllers.purchaseController.ViewPolicies (E-Insurance)'
2024-06-12 13:34:06.3760|INFO|Microsoft.AspNetCore.Hosting.Diagnostics|Request finished HTTP/2 GET https://localhost:7062/api/purchase - 200 - application/json;+charset=utf-8 161.8284ms
2024-06-12 14:02:26.8701|INFO|Microsoft.AspNetCore.DataProtection.KeyManagement.XmlKeyManager|User profile is available. Using 'C:\Users\dilee\AppData\Local\ASP.NET\DataProtection-Keys' as key repository and Windows DPAPI to encrypt keys at rest.
2024-06-12 14:02:28.0952|INFO|Microsoft.Hosting.Lifetime|Now listening on: https://localhost:7062
2024-06-12 14:02:28.2237|INFO|Microsoft.Hosting.Lifetime|Now listening on: http://localhost:5095
2024-06-12 14:02:28.5226|INFO|Microsoft.Hosting.Lifetime|Application started. Press Ctrl+C to shut down.
2024-06-12 14:02:28.5226|INFO|Microsoft.Hosting.Lifetime|Hosting environment: Development
2024-06-12 14:02:28.5226|INFO|Microsoft.Hosting.Lifetime|Content root path: C:\Users\dilee\source\repos\E-Insurance\E-Insurance
2024-06-12 14:02:29.2576|INFO|Microsoft.AspNetCore.Hosting.Diagnostics|Request starting HTTP/2 GET https://localhost:7062/swagger/index.html - - -
2024-06-12 14:02:29.9200|INFO|Microsoft.AspNetCore.Hosting.Diagnostics|Request finished HTTP/2 GET https://localhost:7062/swagger/index.html - 200 - text/html;charset=utf-8 674.5343ms
2024-06-12 14:02:29.9557|INFO|Microsoft.AspNetCore.Hosting.Diagnostics|Request starting HTTP/2 GET https://localhost:7062/_framework/aspnetcore-browser-refresh.js - - -
2024-06-12 14:02:29.9557|INFO|Microsoft.AspNetCore.Hosting.Diagnostics|Request starting HTTP/2 GET https://localhost:7062/_vs/browserLink - - -
2024-06-12 14:02:29.9666|INFO|Microsoft.AspNetCore.Hosting.Diagnostics|Request finished HTTP/2 GET https://localhost:7062/_framework/aspnetcore-browser-refresh.js - 200 13758 application/javascript;+charset=utf-8 11.0412ms
2024-06-12 14:02:30.0401|INFO|Microsoft.AspNetCore.Hosting.Diagnostics|Request finished HTTP/2 GET https://localhost:7062/_vs/browserLink - 200 - text/javascript;+charset=UTF-8 74.6394ms
2024-06-12 14:02:30.2380|INFO|Microsoft.AspNetCore.Hosting.Diagnostics|Request starting HTTP/2 GET https://localhost:7062/swagger/v1/swagger.json - - -
2024-06-12 14:02:30.3456|INFO|Microsoft.AspNetCore.Hosting.Diagnostics|Request finished HTTP/2 GET https://localhost:7062/swagger/v1/swagger.json - 200 - application/json;charset=utf-8 107.9270ms
2024-06-12 14:03:14.8399|INFO|Microsoft.AspNetCore.Hosting.Diagnostics|Request starting HTTP/1.1 POST https://localhost:7062/api/registration/admin - application/json 122
2024-06-12 14:03:14.8854|INFO|Microsoft.AspNetCore.Routing.EndpointMiddleware|Executing endpoint 'E_Insurance.Controllers.registrationController.AdminRegistration (E-Insurance)'
2024-06-12 14:03:14.9541|INFO|Microsoft.AspNetCore.Mvc.Infrastructure.ControllerActionInvoker|Route matched with {action = "AdminRegistration", controller = "registration"}. Executing controller action with signature System.Threading.Tasks.Task`1[Microsoft.AspNetCore.Mvc.IActionResult] AdminRegistration(ModelLayer.RequestDTO.Registration.UserRequest) on controller E_Insurance.Controllers.registrationController (E-Insurance).
2024-06-12 14:03:15.7312|INFO|RepositoryLayer.Services.RegistrationServiceRepo|Admin Registration Executed
2024-06-12 14:03:21.6718|INFO|Microsoft.AspNetCore.Mvc.Infrastructure.ObjectResultExecutor|Executing CreatedAtActionResult, writing value of type 'ModelLayer.ResponseDTO.ResponseModel`1[[System.String, System.Private.CoreLib, Version=8.0.0.0, Culture=neutral, PublicKeyToken=7cec85d7bea7798e]]'.
2024-06-12 14:03:21.7150|INFO|Microsoft.AspNetCore.Mvc.Infrastructure.ControllerActionInvoker|Executed action E_Insurance.Controllers.registrationController.AdminRegistration (E-Insurance) in 6753.7742ms
2024-06-12 14:03:21.7150|INFO|Microsoft.AspNetCore.Routing.EndpointMiddleware|Executed endpoint 'E_Insurance.Controllers.registrationController.AdminRegistration (E-Insurance)'
2024-06-12 14:03:21.7175|INFO|Microsoft.AspNetCore.Hosting.Diagnostics|Request finished HTTP/1.1 POST https://localhost:7062/api/registration/admin - 201 - application/json;+charset=utf-8 6877.6295ms
2024-06-12 14:05:01.3304|INFO|Microsoft.AspNetCore.Hosting.Diagnostics|Request starting HTTP/1.1 POST https://localhost:7062/api/registration/login - application/json 94
2024-06-12 14:05:01.3389|INFO|Microsoft.AspNetCore.Routing.EndpointMiddleware|Executing endpoint 'E_Insurance.Controllers.registrationController.Login (E-Insurance)'
2024-06-12 14:05:01.3504|INFO|Microsoft.AspNetCore.Mvc.Infrastructure.ControllerActionInvoker|Route matched with {action = "Login", controller = "registration"}. Executing controller action with signature System.Threading.Tasks.Task`1[Microsoft.AspNetCore.Mvc.IActionResult] Login(ModelLayer.RequestDTO.Registration.UserLoginRequest) on controller E_Insurance.Controllers.registrationController (E-Insurance).
2024-06-12 14:05:01.6657|ERROR|RepositoryLayer.Services.RegistrationServiceRepo|Error occured while Login |System.Exception: User with email 'dileep20721@gmail.com' not found.
   at RepositoryLayer.Services.RegistrationServiceRepo.Login(UserLoginRequest userLogin) in C:\Users\dilee\source\repos\E-Insurance\RepositoryLayer\Services\RegistrationServiceRepo.cs:line 111
2024-06-12 14:05:01.8540|INFO|Microsoft.AspNetCore.Mvc.Infrastructure.ObjectResultExecutor|Executing BadRequestObjectResult, writing value of type 'System.String'.
2024-06-12 14:05:01.8540|INFO|Microsoft.AspNetCore.Mvc.Infrastructure.ControllerActionInvoker|Executed action E_Insurance.Controllers.registrationController.Login (E-Insurance) in 504.6172ms
2024-06-12 14:05:01.8540|INFO|Microsoft.AspNetCore.Routing.EndpointMiddleware|Executed endpoint 'E_Insurance.Controllers.registrationController.Login (E-Insurance)'
2024-06-12 14:05:01.8540|INFO|Microsoft.AspNetCore.Hosting.Diagnostics|Request finished HTTP/1.1 POST https://localhost:7062/api/registration/login - 400 - text/plain;+charset=utf-8 526.0893ms
2024-06-12 14:07:53.1453|INFO|Microsoft.AspNetCore.Hosting.Diagnostics|Request starting HTTP/1.1 POST https://localhost:7062/api/registration/login - application/json 91
2024-06-12 14:07:53.1614|INFO|Microsoft.AspNetCore.Routing.EndpointMiddleware|Executing endpoint 'E_Insurance.Controllers.registrationController.Login (E-Insurance)'
2024-06-12 14:07:53.1614|INFO|Microsoft.AspNetCore.Mvc.Infrastructure.ControllerActionInvoker|Route matched with {action = "Login", controller = "registration"}. Executing controller action with signature System.Threading.Tasks.Task`1[Microsoft.AspNetCore.Mvc.IActionResult] Login(ModelLayer.RequestDTO.Registration.UserLoginRequest) on controller E_Insurance.Controllers.registrationController (E-Insurance).
2024-06-12 14:07:53.2659|INFO|RepositoryLayer.Services.RegistrationServiceRepo|Login API Executed
2024-06-12 14:07:53.3477|INFO|Microsoft.AspNetCore.Mvc.Infrastructure.ObjectResultExecutor|Executing OkObjectResult, writing value of type 'ModelLayer.ResponseDTO.ResponseModel`1[[System.String, System.Private.CoreLib, Version=8.0.0.0, Culture=neutral, PublicKeyToken=7cec85d7bea7798e]]'.
2024-06-12 14:07:53.3477|INFO|Microsoft.AspNetCore.Mvc.Infrastructure.ControllerActionInvoker|Executed action E_Insurance.Controllers.registrationController.Login (E-Insurance) in 179.8702ms
2024-06-12 14:07:53.3477|INFO|Microsoft.AspNetCore.Routing.EndpointMiddleware|Executed endpoint 'E_Insurance.Controllers.registrationController.Login (E-Insurance)'
2024-06-12 14:07:53.3477|INFO|Microsoft.AspNetCore.Hosting.Diagnostics|Request finished HTTP/1.1 POST https://localhost:7062/api/registration/login - 200 - application/json;+charset=utf-8 209.9898ms
2024-06-12 14:14:39.7963|INFO|Microsoft.AspNetCore.Hosting.Diagnostics|Request starting HTTP/1.1 POST https://localhost:7062/api/registration/employee - application/json 111
2024-06-12 14:14:40.0593|INFO|Microsoft.AspNetCore.Routing.EndpointMiddleware|Executing endpoint 'E_Insurance.Controllers.registrationController.AddEmployee (E-Insurance)'
2024-06-12 14:14:40.0750|INFO|Microsoft.AspNetCore.Mvc.Infrastructure.ControllerActionInvoker|Route matched with {action = "AddEmployee", controller = "registration"}. Executing controller action with signature System.Threading.Tasks.Task`1[Microsoft.AspNetCore.Mvc.IActionResult] AddEmployee(ModelLayer.RequestDTO.Registration.UserRequest) on controller E_Insurance.Controllers.registrationController (E-Insurance).
2024-06-12 14:14:40.0888|INFO|RepositoryLayer.Services.RegistrationServiceRepo|Employee Registration Executed
2024-06-12 14:14:45.0442|INFO|Microsoft.AspNetCore.Mvc.Infrastructure.ObjectResultExecutor|Executing CreatedAtActionResult, writing value of type 'ModelLayer.ResponseDTO.ResponseModel`1[[System.String, System.Private.CoreLib, Version=8.0.0.0, Culture=neutral, PublicKeyToken=7cec85d7bea7798e]]'.
2024-06-12 14:14:45.0617|INFO|Microsoft.AspNetCore.Mvc.Infrastructure.ControllerActionInvoker|Executed action E_Insurance.Controllers.registrationController.AddEmployee (E-Insurance) in 4986.4304ms
2024-06-12 14:14:45.0617|INFO|Microsoft.AspNetCore.Routing.EndpointMiddleware|Executed endpoint 'E_Insurance.Controllers.registrationController.AddEmployee (E-Insurance)'
2024-06-12 14:14:45.0617|INFO|Microsoft.AspNetCore.Hosting.Diagnostics|Request finished HTTP/1.1 POST https://localhost:7062/api/registration/employee - 201 - application/json;+charset=utf-8 5269.8543ms
2024-06-12 14:36:48.5999|INFO|Microsoft.AspNetCore.DataProtection.KeyManagement.XmlKeyManager|User profile is available. Using 'C:\Users\dilee\AppData\Local\ASP.NET\DataProtection-Keys' as key repository and Windows DPAPI to encrypt keys at rest.
2024-06-12 14:36:49.4541|INFO|Microsoft.Hosting.Lifetime|Now listening on: https://localhost:7062
2024-06-12 14:36:49.4550|INFO|Microsoft.Hosting.Lifetime|Now listening on: http://localhost:5095
2024-06-12 14:36:49.5747|INFO|Microsoft.Hosting.Lifetime|Application started. Press Ctrl+C to shut down.
2024-06-12 14:36:49.5747|INFO|Microsoft.Hosting.Lifetime|Hosting environment: Development
2024-06-12 14:36:49.5747|INFO|Microsoft.Hosting.Lifetime|Content root path: C:\Users\dilee\source\repos\E-Insurance\E-Insurance
2024-06-12 14:36:53.7266|INFO|Microsoft.AspNetCore.Hosting.Diagnostics|Request starting HTTP/2 GET https://localhost:7062/swagger/index.html - - -
2024-06-12 14:36:54.3996|INFO|Microsoft.AspNetCore.Hosting.Diagnostics|Request finished HTTP/2 GET https://localhost:7062/swagger/index.html - 200 - text/html;charset=utf-8 685.6827ms
2024-06-12 14:36:54.3996|INFO|Microsoft.AspNetCore.Hosting.Diagnostics|Request starting HTTP/2 GET https://localhost:7062/_vs/browserLink - - -
2024-06-12 14:36:54.3996|INFO|Microsoft.AspNetCore.Hosting.Diagnostics|Request starting HTTP/2 GET https://localhost:7062/_framework/aspnetcore-browser-refresh.js - - -
2024-06-12 14:36:54.4225|INFO|Microsoft.AspNetCore.Hosting.Diagnostics|Request finished HTTP/2 GET https://localhost:7062/_framework/aspnetcore-browser-refresh.js - 200 13758 application/javascript;+charset=utf-8 18.2976ms
2024-06-12 14:36:54.5401|INFO|Microsoft.AspNetCore.Hosting.Diagnostics|Request finished HTTP/2 GET https://localhost:7062/_vs/browserLink - 200 - text/javascript;+charset=UTF-8 135.6307ms
2024-06-12 14:36:54.6894|INFO|Microsoft.AspNetCore.Hosting.Diagnostics|Request starting HTTP/2 GET https://localhost:7062/swagger/v1/swagger.json - - -
2024-06-12 14:36:54.8681|INFO|Microsoft.AspNetCore.Hosting.Diagnostics|Request finished HTTP/2 GET https://localhost:7062/swagger/v1/swagger.json - 200 - application/json;charset=utf-8 178.6502ms
2024-06-12 14:37:04.3525|INFO|Microsoft.AspNetCore.Hosting.Diagnostics|Request starting HTTP/1.1 POST https://localhost:7062/api/registration/login - application/json 91
2024-06-12 14:37:04.3638|INFO|Microsoft.AspNetCore.Routing.EndpointMiddleware|Executing endpoint 'E_Insurance.Controllers.registrationController.Login (E-Insurance)'
2024-06-12 14:37:04.3905|INFO|Microsoft.AspNetCore.Mvc.Infrastructure.ControllerActionInvoker|Route matched with {action = "Login", controller = "registration"}. Executing controller action with signature System.Threading.Tasks.Task`1[Microsoft.AspNetCore.Mvc.IActionResult] Login(ModelLayer.RequestDTO.Registration.UserLoginRequest) on controller E_Insurance.Controllers.registrationController (E-Insurance).
2024-06-12 14:37:05.0993|ERROR|RepositoryLayer.Services.RegistrationServiceRepo|Error occured while Login |System.Exception: User with email 'dileep20721@gmail.com' not found.
   at RepositoryLayer.Services.RegistrationServiceRepo.Login(UserLoginRequest userLogin) in C:\Users\dilee\source\repos\E-Insurance\RepositoryLayer\Services\RegistrationServiceRepo.cs:line 111
2024-06-12 14:37:05.2060|INFO|Microsoft.AspNetCore.Mvc.Infrastructure.ObjectResultExecutor|Executing BadRequestObjectResult, writing value of type 'System.String'.
2024-06-12 14:37:05.2060|INFO|Microsoft.AspNetCore.Mvc.Infrastructure.ControllerActionInvoker|Executed action E_Insurance.Controllers.registrationController.Login (E-Insurance) in 819.5743ms
2024-06-12 14:37:05.2060|INFO|Microsoft.AspNetCore.Routing.EndpointMiddleware|Executed endpoint 'E_Insurance.Controllers.registrationController.Login (E-Insurance)'
2024-06-12 14:37:05.2060|INFO|Microsoft.AspNetCore.Hosting.Diagnostics|Request finished HTTP/1.1 POST https://localhost:7062/api/registration/login - 400 - text/plain;+charset=utf-8 863.6080ms
2024-06-12 14:37:52.6989|INFO|Microsoft.AspNetCore.Hosting.Diagnostics|Request starting HTTP/1.1 POST https://localhost:7062/api/registration/admin - application/json 122
2024-06-12 14:37:52.6989|INFO|Microsoft.AspNetCore.Routing.EndpointMiddleware|Executing endpoint 'E_Insurance.Controllers.registrationController.AdminRegistration (E-Insurance)'
2024-06-12 14:37:52.7054|INFO|Microsoft.AspNetCore.Mvc.Infrastructure.ControllerActionInvoker|Route matched with {action = "AdminRegistration", controller = "registration"}. Executing controller action with signature System.Threading.Tasks.Task`1[Microsoft.AspNetCore.Mvc.IActionResult] AdminRegistration(ModelLayer.RequestDTO.Registration.UserRequest) on controller E_Insurance.Controllers.registrationController (E-Insurance).
2024-06-12 14:37:52.7054|INFO|RepositoryLayer.Services.RegistrationServiceRepo|Admin Registration Executed
2024-06-12 14:37:57.8062|INFO|Microsoft.AspNetCore.Mvc.Infrastructure.ObjectResultExecutor|Executing CreatedAtActionResult, writing value of type 'ModelLayer.ResponseDTO.ResponseModel`1[[System.String, System.Private.CoreLib, Version=8.0.0.0, Culture=neutral, PublicKeyToken=7cec85d7bea7798e]]'.
2024-06-12 14:37:57.8438|INFO|Microsoft.AspNetCore.Mvc.Infrastructure.ControllerActionInvoker|Executed action E_Insurance.Controllers.registrationController.AdminRegistration (E-Insurance) in 5138.3232ms
2024-06-12 14:37:57.8438|INFO|Microsoft.AspNetCore.Routing.EndpointMiddleware|Executed endpoint 'E_Insurance.Controllers.registrationController.AdminRegistration (E-Insurance)'
2024-06-12 14:37:57.8438|INFO|Microsoft.AspNetCore.Hosting.Diagnostics|Request finished HTTP/1.1 POST https://localhost:7062/api/registration/admin - 201 - application/json;+charset=utf-8 5150.3805ms
2024-06-12 14:38:06.1837|INFO|Microsoft.AspNetCore.Hosting.Diagnostics|Request starting HTTP/1.1 POST https://localhost:7062/api/registration/login - application/json 91
2024-06-12 14:38:06.1837|INFO|Microsoft.AspNetCore.Routing.EndpointMiddleware|Executing endpoint 'E_Insurance.Controllers.registrationController.Login (E-Insurance)'
2024-06-12 14:38:06.1837|INFO|Microsoft.AspNetCore.Mvc.Infrastructure.ControllerActionInvoker|Route matched with {action = "Login", controller = "registration"}. Executing controller action with signature System.Threading.Tasks.Task`1[Microsoft.AspNetCore.Mvc.IActionResult] Login(ModelLayer.RequestDTO.Registration.UserLoginRequest) on controller E_Insurance.Controllers.registrationController (E-Insurance).
2024-06-12 14:38:06.2223|INFO|RepositoryLayer.Services.RegistrationServiceRepo|Login API Executed
2024-06-12 14:38:06.2585|INFO|Microsoft.AspNetCore.Mvc.Infrastructure.ObjectResultExecutor|Executing OkObjectResult, writing value of type 'ModelLayer.ResponseDTO.ResponseModel`1[[System.String, System.Private.CoreLib, Version=8.0.0.0, Culture=neutral, PublicKeyToken=7cec85d7bea7798e]]'.
2024-06-12 14:38:06.2585|INFO|Microsoft.AspNetCore.Mvc.Infrastructure.ControllerActionInvoker|Executed action E_Insurance.Controllers.registrationController.Login (E-Insurance) in 73.2274ms
2024-06-12 14:38:06.2585|INFO|Microsoft.AspNetCore.Routing.EndpointMiddleware|Executed endpoint 'E_Insurance.Controllers.registrationController.Login (E-Insurance)'
2024-06-12 14:38:06.2585|INFO|Microsoft.AspNetCore.Hosting.Diagnostics|Request finished HTTP/1.1 POST https://localhost:7062/api/registration/login - 200 - application/json;+charset=utf-8 75.4787ms
2024-06-12 14:39:25.4588|INFO|Microsoft.AspNetCore.Hosting.Diagnostics|Request starting HTTP/1.1 POST https://localhost:7062/api/registration/agent - application/json 139
2024-06-12 14:39:25.5182|INFO|Microsoft.AspNetCore.Routing.EndpointMiddleware|Executing endpoint 'E_Insurance.Controllers.registrationController.AddAgent (E-Insurance)'
2024-06-12 14:39:25.5182|INFO|Microsoft.AspNetCore.Mvc.Infrastructure.ControllerActionInvoker|Route matched with {action = "AddAgent", controller = "registration"}. Executing controller action with signature System.Threading.Tasks.Task`1[Microsoft.AspNetCore.Mvc.IActionResult] AddAgent(ModelLayer.RequestDTO.Registration.AgentRequest) on controller E_Insurance.Controllers.registrationController (E-Insurance).
2024-06-12 14:39:25.5182|INFO|RepositoryLayer.Services.RegistrationServiceRepo|Agent Registration Executed
2024-06-12 14:39:28.6391|INFO|Microsoft.AspNetCore.Mvc.Infrastructure.ObjectResultExecutor|Executing CreatedAtActionResult, writing value of type 'ModelLayer.ResponseDTO.ResponseModel`1[[System.String, System.Private.CoreLib, Version=8.0.0.0, Culture=neutral, PublicKeyToken=7cec85d7bea7798e]]'.
2024-06-12 14:39:28.6391|INFO|Microsoft.AspNetCore.Mvc.Infrastructure.ControllerActionInvoker|Executed action E_Insurance.Controllers.registrationController.AddAgent (E-Insurance) in 3119.9627ms
2024-06-12 14:39:28.6391|INFO|Microsoft.AspNetCore.Routing.EndpointMiddleware|Executed endpoint 'E_Insurance.Controllers.registrationController.AddAgent (E-Insurance)'
2024-06-12 14:39:28.6391|INFO|Microsoft.AspNetCore.Hosting.Diagnostics|Request finished HTTP/1.1 POST https://localhost:7062/api/registration/agent - 201 - application/json;+charset=utf-8 3190.4422ms
2024-06-12 14:43:10.2279|INFO|Microsoft.AspNetCore.Hosting.Diagnostics|Request starting HTTP/1.1 POST https://localhost:7062/api/registration/customers - application/json 117
2024-06-12 14:43:10.2388|INFO|Microsoft.AspNetCore.Routing.EndpointMiddleware|Executing endpoint 'E_Insurance.Controllers.registrationController.AddCustomers (E-Insurance)'
2024-06-12 14:43:10.2806|INFO|Microsoft.AspNetCore.Mvc.Infrastructure.ControllerActionInvoker|Route matched with {action = "AddCustomers", controller = "registration"}. Executing controller action with signature System.Threading.Tasks.Task`1[Microsoft.AspNetCore.Mvc.IActionResult] AddCustomers(ModelLayer.RequestDTO.Registration.UserRequest) on controller E_Insurance.Controllers.registrationController (E-Insurance).
2024-06-12 14:43:10.2845|INFO|RepositoryLayer.Services.RegistrationServiceRepo|Customer Registration Executed
2024-06-12 14:43:13.4031|INFO|Microsoft.AspNetCore.Mvc.Infrastructure.ObjectResultExecutor|Executing CreatedAtActionResult, writing value of type 'ModelLayer.ResponseDTO.ResponseModel`1[[System.String, System.Private.CoreLib, Version=8.0.0.0, Culture=neutral, PublicKeyToken=7cec85d7bea7798e]]'.
2024-06-12 14:43:13.4056|INFO|Microsoft.AspNetCore.Mvc.Infrastructure.ControllerActionInvoker|Executed action E_Insurance.Controllers.registrationController.AddCustomers (E-Insurance) in 3124.8999ms
2024-06-12 14:43:13.4056|INFO|Microsoft.AspNetCore.Routing.EndpointMiddleware|Executed endpoint 'E_Insurance.Controllers.registrationController.AddCustomers (E-Insurance)'
2024-06-12 14:43:13.4056|INFO|Microsoft.AspNetCore.Hosting.Diagnostics|Request finished HTTP/1.1 POST https://localhost:7062/api/registration/customers - 201 - application/json;+charset=utf-8 3179.9844ms
2024-06-12 14:44:29.5135|INFO|Microsoft.AspNetCore.Hosting.Diagnostics|Request starting HTTP/1.1 GET https://localhost:7062/api/policies/allPolicies - - -
2024-06-12 14:44:29.5135|INFO|Microsoft.AspNetCore.Routing.EndpointMiddleware|Executing endpoint 'E_Insurance.Controllers.policiesController.getAllPolicies (E-Insurance)'
2024-06-12 14:44:29.5305|INFO|Microsoft.AspNetCore.Mvc.Infrastructure.ControllerActionInvoker|Route matched with {action = "getAllPolicies", controller = "policies"}. Executing controller action with signature System.Threading.Tasks.Task`1[Microsoft.AspNetCore.Mvc.IActionResult] getAllPolicies() on controller E_Insurance.Controllers.policiesController (E-Insurance).
2024-06-12 14:44:29.5354|INFO|RepositoryLayer.Services.PolicyServiceRepo|GetAllPolicies Executed
2024-06-12 14:44:29.5476|INFO|Microsoft.AspNetCore.Mvc.Infrastructure.ObjectResultExecutor|Executing OkObjectResult, writing value of type 'ModelLayer.ResponseDTO.ResponseModel`1[[System.Collections.Generic.IEnumerable`1[[ModelLayer.Entities.PolicyEntity, ModelLayer, Version=1.0.0.0, Culture=neutral, PublicKeyToken=null]], System.Private.CoreLib, Version=8.0.0.0, Culture=neutral, PublicKeyToken=7cec85d7bea7798e]]'.
2024-06-12 14:44:29.5476|INFO|Microsoft.AspNetCore.Mvc.Infrastructure.ControllerActionInvoker|Executed action E_Insurance.Controllers.policiesController.getAllPolicies (E-Insurance) in 22.8068ms
2024-06-12 14:44:29.5476|INFO|Microsoft.AspNetCore.Routing.EndpointMiddleware|Executed endpoint 'E_Insurance.Controllers.policiesController.getAllPolicies (E-Insurance)'
2024-06-12 14:44:29.5476|INFO|Microsoft.AspNetCore.Hosting.Diagnostics|Request finished HTTP/1.1 GET https://localhost:7062/api/policies/allPolicies - 200 - application/json;+charset=utf-8 40.9781ms
2024-06-12 14:46:32.5788|INFO|Microsoft.AspNetCore.Hosting.Diagnostics|Request starting HTTP/2 POST https://localhost:7062/api/purchase/customerDetails - application/json 216
2024-06-12 14:46:32.5788|INFO|Microsoft.AspNetCore.Authorization.DefaultAuthorizationService|Authorization failed. These requirements were not met:
RolesAuthorizationRequirement:User.IsInRole must be true for one of the following roles: (Customer)
2024-06-12 14:46:32.5892|INFO|Microsoft.AspNetCore.Authentication.JwtBearer.JwtBearerHandler|AuthenticationScheme: Bearer was challenged.
2024-06-12 14:46:32.5892|INFO|Microsoft.AspNetCore.Hosting.Diagnostics|Request finished HTTP/2 POST https://localhost:7062/api/purchase/customerDetails - 401 0 - 11.0742ms
2024-06-12 14:47:23.2720|INFO|Microsoft.AspNetCore.Hosting.Diagnostics|Request starting HTTP/1.1 POST https://localhost:7062/api/registration/login - application/json 87
2024-06-12 14:47:23.2959|INFO|Microsoft.AspNetCore.Routing.EndpointMiddleware|Executing endpoint 'E_Insurance.Controllers.registrationController.Login (E-Insurance)'
2024-06-12 14:47:23.3084|INFO|Microsoft.AspNetCore.Mvc.Infrastructure.ControllerActionInvoker|Route matched with {action = "Login", controller = "registration"}. Executing controller action with signature System.Threading.Tasks.Task`1[Microsoft.AspNetCore.Mvc.IActionResult] Login(ModelLayer.RequestDTO.Registration.UserLoginRequest) on controller E_Insurance.Controllers.registrationController (E-Insurance).
2024-06-12 14:47:23.4106|INFO|RepositoryLayer.Services.RegistrationServiceRepo|Login API Executed
2024-06-12 14:47:23.4106|INFO|Microsoft.AspNetCore.Mvc.Infrastructure.ObjectResultExecutor|Executing OkObjectResult, writing value of type 'ModelLayer.ResponseDTO.ResponseModel`1[[System.String, System.Private.CoreLib, Version=8.0.0.0, Culture=neutral, PublicKeyToken=7cec85d7bea7798e]]'.
2024-06-12 14:47:23.4106|INFO|Microsoft.AspNetCore.Mvc.Infrastructure.ControllerActionInvoker|Executed action E_Insurance.Controllers.registrationController.Login (E-Insurance) in 103.1672ms
2024-06-12 14:47:23.4106|INFO|Microsoft.AspNetCore.Routing.EndpointMiddleware|Executed endpoint 'E_Insurance.Controllers.registrationController.Login (E-Insurance)'
2024-06-12 14:47:23.4106|INFO|Microsoft.AspNetCore.Hosting.Diagnostics|Request finished HTTP/1.1 POST https://localhost:7062/api/registration/login - 200 - application/json;+charset=utf-8 143.1443ms
2024-06-12 14:51:59.9742|INFO|Microsoft.AspNetCore.Hosting.Diagnostics|Request starting HTTP/1.1 POST https://localhost:7062/api/purchase/customerDetails - application/json 248
2024-06-12 14:51:59.9742|INFO|Microsoft.AspNetCore.Routing.EndpointMiddleware|Executing endpoint 'E_Insurance.Controllers.purchaseController.CustomerDetails (E-Insurance)'
2024-06-12 14:51:59.9826|INFO|Microsoft.AspNetCore.Mvc.Infrastructure.ControllerActionInvoker|Route matched with {action = "CustomerDetails", controller = "purchase"}. Executing controller action with signature System.Threading.Tasks.Task`1[Microsoft.AspNetCore.Mvc.IActionResult] CustomerDetails(ModelLayer.RequestDTO.PolicyModels.CustomerDetailsRequest) on controller E_Insurance.Controllers.purchaseController (E-Insurance).
2024-06-12 14:51:59.9826|INFO|RepositoryLayer.Services.PurchaseServiceRepo|Customer Details Executed
2024-06-12 14:52:00.0441|INFO|Microsoft.AspNetCore.Mvc.Infrastructure.ObjectResultExecutor|Executing CreatedAtActionResult, writing value of type 'ModelLayer.ResponseDTO.ResponseModel`1[[System.String, System.Private.CoreLib, Version=8.0.0.0, Culture=neutral, PublicKeyToken=7cec85d7bea7798e]]'.
2024-06-12 14:52:00.0441|INFO|Microsoft.AspNetCore.Mvc.Infrastructure.ControllerActionInvoker|Executed action E_Insurance.Controllers.purchaseController.CustomerDetails (E-Insurance) in 61.7881ms
2024-06-12 14:52:00.0441|INFO|Microsoft.AspNetCore.Routing.EndpointMiddleware|Executed endpoint 'E_Insurance.Controllers.purchaseController.CustomerDetails (E-Insurance)'
2024-06-12 14:52:00.0441|INFO|Microsoft.AspNetCore.Hosting.Diagnostics|Request finished HTTP/1.1 POST https://localhost:7062/api/purchase/customerDetails - 201 - application/json;+charset=utf-8 70.6268ms
2024-06-12 14:52:46.3871|INFO|Microsoft.AspNetCore.Hosting.Diagnostics|Request starting HTTP/2 GET https://localhost:7062/swagger/index.html - - -
2024-06-12 14:52:46.4337|INFO|Microsoft.AspNetCore.Hosting.Diagnostics|Request finished HTTP/2 GET https://localhost:7062/swagger/index.html - 200 - text/html;charset=utf-8 46.6250ms
2024-06-12 14:52:46.4821|INFO|Microsoft.AspNetCore.Hosting.Diagnostics|Request starting HTTP/2 GET https://localhost:7062/_framework/aspnetcore-browser-refresh.js - - -
2024-06-12 14:52:46.4821|INFO|Microsoft.AspNetCore.Hosting.Diagnostics|Request starting HTTP/2 GET https://localhost:7062/_vs/browserLink - - -
2024-06-12 14:52:46.4821|INFO|Microsoft.AspNetCore.Hosting.Diagnostics|Request finished HTTP/2 GET https://localhost:7062/_framework/aspnetcore-browser-refresh.js - 200 13758 application/javascript;+charset=utf-8 2.4759ms
2024-06-12 14:52:46.5032|INFO|Microsoft.AspNetCore.Hosting.Diagnostics|Request finished HTTP/2 GET https://localhost:7062/_vs/browserLink - 200 - text/javascript;+charset=UTF-8 20.7110ms
2024-06-12 14:52:46.7744|INFO|Microsoft.AspNetCore.Hosting.Diagnostics|Request starting HTTP/2 GET https://localhost:7062/swagger/v1/swagger.json - - -
2024-06-12 14:52:46.7744|INFO|Microsoft.AspNetCore.Hosting.Diagnostics|Request finished HTTP/2 GET https://localhost:7062/swagger/v1/swagger.json - 200 - application/json;charset=utf-8 9.8772ms
2024-06-12 14:56:07.5373|INFO|Microsoft.AspNetCore.Hosting.Diagnostics|Request starting HTTP/2 GET https://localhost:7062/api/purchase - - -
2024-06-12 14:56:07.5373|INFO|Microsoft.AspNetCore.Authorization.DefaultAuthorizationService|Authorization failed. These requirements were not met:
RolesAuthorizationRequirement:User.IsInRole must be true for one of the following roles: (Customer)
2024-06-12 14:56:07.5373|INFO|Microsoft.AspNetCore.Authentication.JwtBearer.JwtBearerHandler|AuthenticationScheme: Bearer was challenged.
2024-06-12 14:56:07.5373|INFO|Microsoft.AspNetCore.Hosting.Diagnostics|Request finished HTTP/2 GET https://localhost:7062/api/purchase - 401 0 - 1.5310ms
2024-06-12 14:56:29.3612|INFO|Microsoft.AspNetCore.Hosting.Diagnostics|Request starting HTTP/1.1 GET https://localhost:7062/api/purchase - - -
2024-06-12 14:56:29.4008|INFO|Microsoft.AspNetCore.Authorization.DefaultAuthorizationService|Authorization failed. These requirements were not met:
RolesAuthorizationRequirement:User.IsInRole must be true for one of the following roles: (Customer)
2024-06-12 14:56:29.4008|INFO|Microsoft.AspNetCore.Authentication.JwtBearer.JwtBearerHandler|AuthenticationScheme: Bearer was challenged.
2024-06-12 14:56:29.4008|INFO|Microsoft.AspNetCore.Hosting.Diagnostics|Request finished HTTP/1.1 GET https://localhost:7062/api/purchase - 401 0 - 40.1034ms
2024-06-12 14:56:50.2715|INFO|Microsoft.AspNetCore.Hosting.Diagnostics|Request starting HTTP/1.1 GET https://localhost:7062/api/purchase - - -
2024-06-12 14:56:50.2715|INFO|Microsoft.AspNetCore.Routing.EndpointMiddleware|Executing endpoint 'E_Insurance.Controllers.purchaseController.ViewPolicies (E-Insurance)'
2024-06-12 14:56:50.2863|INFO|Microsoft.AspNetCore.Mvc.Infrastructure.ControllerActionInvoker|Route matched with {action = "ViewPolicies", controller = "purchase"}. Executing controller action with signature System.Threading.Tasks.Task`1[Microsoft.AspNetCore.Mvc.IActionResult] ViewPolicies() on controller E_Insurance.Controllers.purchaseController (E-Insurance).
2024-06-12 14:56:50.2863|INFO|RepositoryLayer.Services.PurchaseServiceRepo|Get policies Executed
2024-06-12 14:56:50.4725|ERROR|RepositoryLayer.Services.PurchaseServiceRepo|Error occurred while Fetching policy|Microsoft.Data.SqlClient.SqlException (0x80131904): Invalid object name 'PolicyPurchases'.
   at Microsoft.Data.SqlClient.SqlCommand.<>c.<ExecuteDbDataReaderAsync>b__195_0(Task`1 result)
   at System.Threading.Tasks.ContinuationResultTaskFromResultTask`2.InnerInvoke()
   at System.Threading.ExecutionContext.RunInternal(ExecutionContext executionContext, ContextCallback callback, Object state)
--- End of stack trace from previous location ---
   at System.Threading.ExecutionContext.RunInternal(ExecutionContext executionContext, ContextCallback callback, Object state)
   at System.Threading.Tasks.Task.ExecuteWithThreadLocal(Task& currentTaskSlot, Thread threadPoolThread)
--- End of stack trace from previous location ---
   at Dapper.SqlMapper.QueryAsync[T](IDbConnection cnn, Type effectiveType, CommandDefinition command) in /_/Dapper/SqlMapper.Async.cs:line 434
   at RepositoryLayer.Services.PurchaseServiceRepo.ViewPolicies(Int32 CustomerId) in C:\Users\dilee\source\repos\E-Insurance\RepositoryLayer\Services\PurchaseServiceRepo.cs:line 63
ClientConnectionId:4a8b4ed8-617d-4ae9-9305-7a3f6404110c
Error Number:208,State:1,Class:16
2024-06-12 14:56:50.6603|INFO|Microsoft.AspNetCore.Mvc.Infrastructure.ObjectResultExecutor|Executing BadRequestObjectResult, writing value of type 'System.String'.
2024-06-12 14:56:50.6603|INFO|Microsoft.AspNetCore.Mvc.Infrastructure.ControllerActionInvoker|Executed action E_Insurance.Controllers.purchaseController.ViewPolicies (E-Insurance) in 374.3487ms
2024-06-12 14:56:50.6603|INFO|Microsoft.AspNetCore.Routing.EndpointMiddleware|Executed endpoint 'E_Insurance.Controllers.purchaseController.ViewPolicies (E-Insurance)'
2024-06-12 14:56:50.6603|INFO|Microsoft.AspNetCore.Hosting.Diagnostics|Request finished HTTP/1.1 GET https://localhost:7062/api/purchase - 400 - text/plain;+charset=utf-8 389.9129ms
2024-06-12 14:57:49.5602|INFO|Microsoft.AspNetCore.Hosting.Diagnostics|Request starting HTTP/2 POST https://localhost:7062/api/purchase/purchasePolicy - application/json 113
2024-06-12 14:57:49.5611|INFO|Microsoft.AspNetCore.Authorization.DefaultAuthorizationService|Authorization failed. These requirements were not met:
RolesAuthorizationRequirement:User.IsInRole must be true for one of the following roles: (Customer)
2024-06-12 14:57:49.5611|INFO|Microsoft.AspNetCore.Authentication.JwtBearer.JwtBearerHandler|AuthenticationScheme: Bearer was challenged.
2024-06-12 14:57:49.5611|INFO|Microsoft.AspNetCore.Hosting.Diagnostics|Request finished HTTP/2 POST https://localhost:7062/api/purchase/purchasePolicy - 401 0 - 1.1457ms
2024-06-12 15:01:50.4691|INFO|Microsoft.AspNetCore.Hosting.Diagnostics|Request starting HTTP/2 POST https://localhost:7062/api/premium/calculatePremium - application/json 91
2024-06-12 15:01:50.4691|INFO|Microsoft.AspNetCore.Routing.EndpointMiddleware|Executing endpoint 'E_Insurance.Controllers.premiumController.CalculatePremium (E-Insurance)'
2024-06-12 15:01:50.4691|INFO|Microsoft.AspNetCore.Mvc.Infrastructure.ControllerActionInvoker|Route matched with {action = "CalculatePremium", controller = "premium"}. Executing controller action with signature System.Threading.Tasks.Task`1[Microsoft.AspNetCore.Mvc.IActionResult] CalculatePremium(ModelLayer.RequestDTO.PolicyModels.CalculatePremiumRequest) on controller E_Insurance.Controllers.premiumController (E-Insurance).
2024-06-12 15:01:50.5306|ERROR|RepositoryLayer.Services.PremiumServiceRepo|Error occurred while calcuting premium|System.FormatException: Failed to convert parameter value from a String to a Int32.
 ---> System.FormatException: The input string 'string' was not in a correct format.
   at System.Number.ThrowFormatException[TChar](ReadOnlySpan`1 value)
   at System.String.System.IConvertible.ToInt32(IFormatProvider provider)
   at System.Convert.ChangeType(Object value, Type conversionType, IFormatProvider provider)
   at Microsoft.Data.SqlClient.SqlParameter.CoerceValue(Object value, MetaType destinationType, Boolean& coercedToDataFeed, Boolean& typeChanged, Boolean allowStreaming)
   --- End of inner exception stack trace ---
   at Microsoft.Data.SqlClient.SqlParameter.CoerceValue(Object value, MetaType destinationType, Boolean& coercedToDataFeed, Boolean& typeChanged, Boolean allowStreaming)
   at Microsoft.Data.SqlClient.SqlParameter.GetCoercedValue()
   at Microsoft.Data.SqlClient.SqlParameter.Validate(Int32 index, Boolean isCommandProc)
   at Microsoft.Data.SqlClient.SqlCommand.SetUpRPCParameters(_SqlRPC rpc, Boolean inSchema, SqlParameterCollection parameters)
   at Microsoft.Data.SqlClient.SqlCommand.BuildRPC(Boolean inSchema, SqlParameterCollection parameters, _SqlRPC& rpc)
   at Microsoft.Data.SqlClient.SqlCommand.RunExecuteReaderTds(CommandBehavior cmdBehavior, RunBehavior runBehavior, Boolean returnStream, Boolean isAsync, Int32 timeout, Task& task, Boolean asyncWrite, Boolean inRetry, SqlDataReader ds, Boolean describeParameterEncryptionRequest)
   at Microsoft.Data.SqlClient.SqlCommand.RunExecuteReader(CommandBehavior cmdBehavior, RunBehavior runBehavior, Boolean returnStream, TaskCompletionSource`1 completion, Int32 timeout, Task& task, Boolean& usedCache, Boolean asyncWrite, Boolean inRetry, String method)
   at Microsoft.Data.SqlClient.SqlCommand.InternalExecuteNonQuery(TaskCompletionSource`1 completion, Boolean sendToPipe, Int32 timeout, Boolean& usedCache, Boolean asyncWrite, Boolean inRetry, String methodName)
   at Microsoft.Data.SqlClient.SqlCommand.BeginExecuteNonQueryInternal(CommandBehavior behavior, AsyncCallback callback, Object stateObject, Int32 timeout, Boolean inRetry, Boolean asyncWrite)
   at Microsoft.Data.SqlClient.SqlCommand.BeginExecuteNonQueryAsync(AsyncCallback callback, Object stateObject)
   at Microsoft.Data.SqlClient.SqlCommand.<>c.<InternalExecuteNonQueryAsync>b__193_0(AsyncCallback callback, Object stateObject)
   at System.Threading.Tasks.TaskFactory`1.FromAsyncImpl(Func`3 beginMethod, Func`2 endFunction, Action`1 endAction, Object state, TaskCreationOptions creationOptions)
   at System.Threading.Tasks.TaskFactory`1.FromAsync(Func`3 beginMethod, Func`2 endMethod, Object state)
   at Microsoft.Data.SqlClient.SqlCommand.InternalExecuteNonQueryAsync(CancellationToken cancellationToken)
--- End of stack trace from previous location ---
   at Dapper.SqlMapper.ExecuteImplAsync(IDbConnection cnn, CommandDefinition command, Object param) in /_/Dapper/SqlMapper.Async.cs:line 662
   at RepositoryLayer.Services.PremiumServiceRepo.CalculatePremium(CalculatePremiumRequest request) in C:\Users\dilee\source\repos\E-Insurance\RepositoryLayer\Services\PremiumServiceRepo.cs:line 57
2024-06-12 15:01:50.6236|INFO|Microsoft.AspNetCore.Mvc.Infrastructure.ObjectResultExecutor|Executing BadRequestObjectResult, writing value of type 'System.String'.
2024-06-12 15:01:50.6236|INFO|Microsoft.AspNetCore.Mvc.Infrastructure.ControllerActionInvoker|Executed action E_Insurance.Controllers.premiumController.CalculatePremium (E-Insurance) in 143.8352ms
2024-06-12 15:01:50.6236|INFO|Microsoft.AspNetCore.Routing.EndpointMiddleware|Executed endpoint 'E_Insurance.Controllers.premiumController.CalculatePremium (E-Insurance)'
2024-06-12 15:01:50.6236|INFO|Microsoft.AspNetCore.Hosting.Diagnostics|Request finished HTTP/2 POST https://localhost:7062/api/premium/calculatePremium - 400 - text/plain;+charset=utf-8 156.0412ms
2024-06-12 15:02:45.7411|INFO|Microsoft.AspNetCore.Hosting.Diagnostics|Request starting HTTP/1.1 POST https://localhost:7062/api/premium/calculatePremium - application/json 97
2024-06-12 15:02:45.7809|INFO|Microsoft.AspNetCore.Routing.EndpointMiddleware|Executing endpoint 'E_Insurance.Controllers.premiumController.CalculatePremium (E-Insurance)'
2024-06-12 15:02:45.7809|INFO|Microsoft.AspNetCore.Mvc.Infrastructure.ControllerActionInvoker|Route matched with {action = "CalculatePremium", controller = "premium"}. Executing controller action with signature System.Threading.Tasks.Task`1[Microsoft.AspNetCore.Mvc.IActionResult] CalculatePremium(ModelLayer.RequestDTO.PolicyModels.CalculatePremiumRequest) on controller E_Insurance.Controllers.premiumController (E-Insurance).
2024-06-12 15:02:45.8853|INFO|RepositoryLayer.Services.PremiumServiceRepo|Calculate Premium Executed
2024-06-12 15:02:45.8853|INFO|Microsoft.AspNetCore.Mvc.Infrastructure.ObjectResultExecutor|Executing OkObjectResult, writing value of type 'ModelLayer.ResponseDTO.ResponseModel`1[[System.Decimal, System.Private.CoreLib, Version=8.0.0.0, Culture=neutral, PublicKeyToken=7cec85d7bea7798e]]'.
2024-06-12 15:02:45.8920|INFO|Microsoft.AspNetCore.Mvc.Infrastructure.ControllerActionInvoker|Executed action E_Insurance.Controllers.premiumController.CalculatePremium (E-Insurance) in 110.7854ms
2024-06-12 15:02:45.8920|INFO|Microsoft.AspNetCore.Routing.EndpointMiddleware|Executed endpoint 'E_Insurance.Controllers.premiumController.CalculatePremium (E-Insurance)'
2024-06-12 15:02:45.8920|INFO|Microsoft.AspNetCore.Hosting.Diagnostics|Request finished HTTP/1.1 POST https://localhost:7062/api/premium/calculatePremium - 200 - application/json;+charset=utf-8 151.1523ms
2024-06-12 15:03:35.3931|INFO|Microsoft.AspNetCore.Hosting.Diagnostics|Request starting HTTP/1.1 POST https://localhost:7062/api/purchase/purchasePolicy - application/json 124
2024-06-12 15:03:35.3931|INFO|Microsoft.AspNetCore.Routing.EndpointMiddleware|Executing endpoint 'E_Insurance.Controllers.purchaseController.PolicyPurchase (E-Insurance)'
2024-06-12 15:03:35.3931|INFO|Microsoft.AspNetCore.Mvc.Infrastructure.ControllerActionInvoker|Route matched with {action = "PolicyPurchase", controller = "purchase"}. Executing controller action with signature System.Threading.Tasks.Task`1[Microsoft.AspNetCore.Mvc.IActionResult] PolicyPurchase(ModelLayer.RequestDTO.Purchase.purchaseRequest) on controller E_Insurance.Controllers.purchaseController (E-Insurance).
2024-06-12 15:03:35.4043|INFO|RepositoryLayer.Services.PurchaseServiceRepo|Policy Purchased Executed
2024-06-12 15:03:35.5437|ERROR|RepositoryLayer.Services.PurchaseServiceRepo|Error occurred while Purchasing policy|Microsoft.Data.SqlClient.SqlException (0x80131904): Invalid object name 'PolicyPurchases'.
   at Microsoft.Data.SqlClient.SqlConnection.OnError(SqlException exception, Boolean breakConnection, Action`1 wrapCloseInAction)
   at Microsoft.Data.SqlClient.SqlInternalConnection.OnError(SqlException exception, Boolean breakConnection, Action`1 wrapCloseInAction)
   at Microsoft.Data.SqlClient.TdsParser.ThrowExceptionAndWarning(TdsParserStateObject stateObj, SqlCommand command, Boolean callerHasConnectionLock, Boolean asyncClose)
   at Microsoft.Data.SqlClient.TdsParser.TryRun(RunBehavior runBehavior, SqlCommand cmdHandler, SqlDataReader dataStream, BulkCopySimpleResultSet bulkCopyHandler, TdsParserStateObject stateObj, Boolean& dataReady)
   at Microsoft.Data.SqlClient.SqlCommand.FinishExecuteReader(SqlDataReader ds, RunBehavior runBehavior, String resetOptionsString, Boolean isInternal, Boolean forDescribeParameterEncryption, Boolean shouldCacheForAlwaysEncrypted)
   at Microsoft.Data.SqlClient.SqlCommand.CompleteAsyncExecuteReader(Boolean isInternal, Boolean forDescribeParameterEncryption)
   at Microsoft.Data.SqlClient.SqlCommand.InternalEndExecuteNonQuery(IAsyncResult asyncResult, Boolean isInternal, String endMethod)
   at Microsoft.Data.SqlClient.SqlCommand.EndExecuteNonQueryInternal(IAsyncResult asyncResult)
   at Microsoft.Data.SqlClient.SqlCommand.EndExecuteNonQueryAsync(IAsyncResult asyncResult)
   at Microsoft.Data.SqlClient.SqlCommand.<>c.<InternalExecuteNonQueryAsync>b__193_1(IAsyncResult asyncResult)
   at System.Threading.Tasks.TaskFactory`1.FromAsyncCoreLogic(IAsyncResult iar, Func`2 endFunction, Action`1 endAction, Task`1 promise, Boolean requiresSynchronization)
--- End of stack trace from previous location ---
   at Dapper.SqlMapper.ExecuteImplAsync(IDbConnection cnn, CommandDefinition command, Object param) in /_/Dapper/SqlMapper.Async.cs:line 662
   at RepositoryLayer.Services.PurchaseServiceRepo.PurchasePolicy(Int32 CustomerId, purchaseRequest request) in C:\Users\dilee\source\repos\E-Insurance\RepositoryLayer\Services\PurchaseServiceRepo.cs:line 87
ClientConnectionId:4a8b4ed8-617d-4ae9-9305-7a3f6404110c
Error Number:208,State:1,Class:16
2024-06-12 15:03:35.6539|INFO|Microsoft.AspNetCore.Mvc.Infrastructure.ObjectResultExecutor|Executing BadRequestObjectResult, writing value of type 'System.String'.
2024-06-12 15:03:35.6539|INFO|Microsoft.AspNetCore.Mvc.Infrastructure.ControllerActionInvoker|Executed action E_Insurance.Controllers.purchaseController.PolicyPurchase (E-Insurance) in 254.7085ms
2024-06-12 15:03:35.6539|INFO|Microsoft.AspNetCore.Routing.EndpointMiddleware|Executed endpoint 'E_Insurance.Controllers.purchaseController.PolicyPurchase (E-Insurance)'
2024-06-12 15:03:35.6539|INFO|Microsoft.AspNetCore.Hosting.Diagnostics|Request finished HTTP/1.1 POST https://localhost:7062/api/purchase/purchasePolicy - 400 - text/plain;+charset=utf-8 261.6509ms
2024-06-12 15:04:35.4690|INFO|Microsoft.AspNetCore.Hosting.Diagnostics|Request starting HTTP/1.1 POST https://localhost:7062/api/purchase/purchasePolicy - application/json 124
2024-06-12 15:04:35.5192|INFO|Microsoft.AspNetCore.Routing.EndpointMiddleware|Executing endpoint 'E_Insurance.Controllers.purchaseController.PolicyPurchase (E-Insurance)'
2024-06-12 15:04:35.5192|INFO|Microsoft.AspNetCore.Mvc.Infrastructure.ControllerActionInvoker|Route matched with {action = "PolicyPurchase", controller = "purchase"}. Executing controller action with signature System.Threading.Tasks.Task`1[Microsoft.AspNetCore.Mvc.IActionResult] PolicyPurchase(ModelLayer.RequestDTO.Purchase.purchaseRequest) on controller E_Insurance.Controllers.purchaseController (E-Insurance).
2024-06-12 15:04:35.5192|INFO|RepositoryLayer.Services.PurchaseServiceRepo|Policy Purchased Executed
2024-06-12 15:04:35.5443|INFO|Microsoft.AspNetCore.Mvc.Infrastructure.ObjectResultExecutor|Executing CreatedAtActionResult, writing value of type 'ModelLayer.ResponseDTO.ResponseModel`1[[System.String, System.Private.CoreLib, Version=8.0.0.0, Culture=neutral, PublicKeyToken=7cec85d7bea7798e]]'.
2024-06-12 15:04:35.5443|INFO|Microsoft.AspNetCore.Mvc.Infrastructure.ControllerActionInvoker|Executed action E_Insurance.Controllers.purchaseController.PolicyPurchase (E-Insurance) in 25.9144ms
2024-06-12 15:04:35.5443|INFO|Microsoft.AspNetCore.Routing.EndpointMiddleware|Executed endpoint 'E_Insurance.Controllers.purchaseController.PolicyPurchase (E-Insurance)'
2024-06-12 15:04:35.5443|INFO|Microsoft.AspNetCore.Hosting.Diagnostics|Request finished HTTP/1.1 POST https://localhost:7062/api/purchase/purchasePolicy - 201 - application/json;+charset=utf-8 76.8712ms
2024-06-12 15:07:15.0119|INFO|Microsoft.AspNetCore.Hosting.Diagnostics|Request starting HTTP/1.1 GET https://localhost:7062/api/purchase - - -
2024-06-12 15:07:15.0119|INFO|Microsoft.AspNetCore.Routing.EndpointMiddleware|Executing endpoint 'E_Insurance.Controllers.purchaseController.ViewPolicies (E-Insurance)'
2024-06-12 15:07:15.0119|INFO|Microsoft.AspNetCore.Mvc.Infrastructure.ControllerActionInvoker|Route matched with {action = "ViewPolicies", controller = "purchase"}. Executing controller action with signature System.Threading.Tasks.Task`1[Microsoft.AspNetCore.Mvc.IActionResult] ViewPolicies() on controller E_Insurance.Controllers.purchaseController (E-Insurance).
2024-06-12 15:07:15.0147|INFO|RepositoryLayer.Services.PurchaseServiceRepo|Get policies Executed
2024-06-12 15:07:15.0536|INFO|Microsoft.AspNetCore.Mvc.Infrastructure.ObjectResultExecutor|Executing OkObjectResult, writing value of type 'ModelLayer.ResponseDTO.ResponseModel`1[[System.Collections.Generic.IEnumerable`1[[ModelLayer.Entities.PolicyPurchaseEntity, ModelLayer, Version=1.0.0.0, Culture=neutral, PublicKeyToken=null]], System.Private.CoreLib, Version=8.0.0.0, Culture=neutral, PublicKeyToken=7cec85d7bea7798e]]'.
2024-06-12 15:07:15.0536|INFO|Microsoft.AspNetCore.Mvc.Infrastructure.ControllerActionInvoker|Executed action E_Insurance.Controllers.purchaseController.ViewPolicies (E-Insurance) in 45.3952ms
2024-06-12 15:07:15.0536|INFO|Microsoft.AspNetCore.Routing.EndpointMiddleware|Executed endpoint 'E_Insurance.Controllers.purchaseController.ViewPolicies (E-Insurance)'
2024-06-12 15:07:15.0536|INFO|Microsoft.AspNetCore.Hosting.Diagnostics|Request finished HTTP/1.1 GET https://localhost:7062/api/purchase - 200 - application/json;+charset=utf-8 49.6277ms
2024-06-12 15:17:22.0477|INFO|Microsoft.AspNetCore.Hosting.Diagnostics|Request starting HTTP/2 POST https://localhost:7062/api/payment - application/json 50
2024-06-12 15:17:22.0477|INFO|Microsoft.AspNetCore.Routing.EndpointMiddleware|Executing endpoint 'E_Insurance.Controllers.paymentController.Addpayment (E-Insurance)'
2024-06-12 15:17:22.0620|INFO|Microsoft.AspNetCore.Mvc.Infrastructure.ControllerActionInvoker|Route matched with {action = "Addpayment", controller = "payment"}. Executing controller action with signature System.Threading.Tasks.Task`1[Microsoft.AspNetCore.Mvc.IActionResult] Addpayment(ModelLayer.RequestDTO.Paymentmodels.PaymentRequest) on controller E_Insurance.Controllers.paymentController (E-Insurance).
2024-06-12 15:17:22.3033|INFO|Microsoft.AspNetCore.Mvc.Infrastructure.ObjectResultExecutor|Executing BadRequestObjectResult, writing value of type 'System.String'.
2024-06-12 15:17:22.3033|INFO|Microsoft.AspNetCore.Mvc.Infrastructure.ControllerActionInvoker|Executed action E_Insurance.Controllers.paymentController.Addpayment (E-Insurance) in 241.3015ms
2024-06-12 15:17:22.3033|INFO|Microsoft.AspNetCore.Routing.EndpointMiddleware|Executed endpoint 'E_Insurance.Controllers.paymentController.Addpayment (E-Insurance)'
2024-06-12 15:17:22.3033|INFO|Microsoft.AspNetCore.Hosting.Diagnostics|Request finished HTTP/2 POST https://localhost:7062/api/payment - 400 - text/plain;+charset=utf-8 257.0675ms
2024-06-12 15:21:00.3156|INFO|Microsoft.AspNetCore.Hosting.Diagnostics|Request starting HTTP/1.1 POST https://localhost:7062/api/payment
 - application/json 58
2024-06-12 15:21:00.3339|INFO|Microsoft.AspNetCore.Hosting.Diagnostics|Request finished HTTP/1.1 POST https://localhost:7062/api/payment
 - 404 0 - 65.8022ms
2024-06-12 15:21:00.3339|INFO|Microsoft.AspNetCore.Hosting.Diagnostics|Request reached the end of the middleware pipeline without being handled by application code. Request path: POST https://localhost:7062/api/payment%0A, Response status code: 404
2024-06-12 15:21:18.4696|INFO|Microsoft.AspNetCore.Hosting.Diagnostics|Request starting HTTP/1.1 POST https://localhost:7062/api/payment
 - application/json 58
2024-06-12 15:21:18.4705|INFO|Microsoft.AspNetCore.Hosting.Diagnostics|Request finished HTTP/1.1 POST https://localhost:7062/api/payment
 - 404 0 - 1.0126ms
2024-06-12 15:21:18.4705|INFO|Microsoft.AspNetCore.Hosting.Diagnostics|Request reached the end of the middleware pipeline without being handled by application code. Request path: POST https://localhost:7062/api/payment%0A, Response status code: 404
2024-06-12 15:22:01.5107|INFO|Microsoft.AspNetCore.Hosting.Diagnostics|Request starting HTTP/1.1 POST https://localhost:7062/api/payment
 - application/json 58
2024-06-12 15:22:01.5107|INFO|Microsoft.AspNetCore.Hosting.Diagnostics|Request finished HTTP/1.1 POST https://localhost:7062/api/payment
 - 404 0 - 0.7284ms
2024-06-12 15:22:01.5107|INFO|Microsoft.AspNetCore.Hosting.Diagnostics|Request reached the end of the middleware pipeline without being handled by application code. Request path: POST https://localhost:7062/api/payment%0A, Response status code: 404
2024-06-12 15:22:57.5843|INFO|Microsoft.AspNetCore.Hosting.Diagnostics|Request starting HTTP/1.1 POST https://localhost:7062/api/payment
 - application/json 58
2024-06-12 15:22:57.6288|INFO|Microsoft.AspNetCore.Hosting.Diagnostics|Request finished HTTP/1.1 POST https://localhost:7062/api/payment
 - 404 0 - 44.4600ms
2024-06-12 15:22:57.6288|INFO|Microsoft.AspNetCore.Hosting.Diagnostics|Request reached the end of the middleware pipeline without being handled by application code. Request path: POST https://localhost:7062/api/payment%0A, Response status code: 404
2024-06-12 15:23:25.2332|INFO|Microsoft.AspNetCore.Hosting.Diagnostics|Request starting HTTP/2 POST https://localhost:7062/api/payment - application/json 55
2024-06-12 15:23:25.2332|INFO|Microsoft.AspNetCore.Routing.EndpointMiddleware|Executing endpoint 'E_Insurance.Controllers.paymentController.Addpayment (E-Insurance)'
2024-06-12 15:23:25.2332|INFO|Microsoft.AspNetCore.Mvc.Infrastructure.ControllerActionInvoker|Route matched with {action = "Addpayment", controller = "payment"}. Executing controller action with signature System.Threading.Tasks.Task`1[Microsoft.AspNetCore.Mvc.IActionResult] Addpayment(ModelLayer.RequestDTO.Paymentmodels.PaymentRequest) on controller E_Insurance.Controllers.paymentController (E-Insurance).
2024-06-12 15:23:25.3182|INFO|Microsoft.AspNetCore.Mvc.Infrastructure.ObjectResultExecutor|Executing BadRequestObjectResult, writing value of type 'System.String'.
2024-06-12 15:23:25.3182|INFO|Microsoft.AspNetCore.Mvc.Infrastructure.ControllerActionInvoker|Executed action E_Insurance.Controllers.paymentController.Addpayment (E-Insurance) in 75.7874ms
2024-06-12 15:23:25.3182|INFO|Microsoft.AspNetCore.Routing.EndpointMiddleware|Executed endpoint 'E_Insurance.Controllers.paymentController.Addpayment (E-Insurance)'
2024-06-12 15:23:25.3182|INFO|Microsoft.AspNetCore.Hosting.Diagnostics|Request finished HTTP/2 POST https://localhost:7062/api/payment - 400 - text/plain;+charset=utf-8 87.6249ms
2024-06-12 15:24:15.7647|INFO|Microsoft.AspNetCore.Hosting.Diagnostics|Request starting HTTP/2 POST https://localhost:7062/api/payment - application/json 55
2024-06-12 15:24:15.7647|INFO|Microsoft.AspNetCore.Routing.EndpointMiddleware|Executing endpoint 'E_Insurance.Controllers.paymentController.Addpayment (E-Insurance)'
2024-06-12 15:24:15.7647|INFO|Microsoft.AspNetCore.Mvc.Infrastructure.ControllerActionInvoker|Route matched with {action = "Addpayment", controller = "payment"}. Executing controller action with signature System.Threading.Tasks.Task`1[Microsoft.AspNetCore.Mvc.IActionResult] Addpayment(ModelLayer.RequestDTO.Paymentmodels.PaymentRequest) on controller E_Insurance.Controllers.paymentController (E-Insurance).
2024-06-12 15:24:15.7854|INFO|RepositoryLayer.Services.PaymentServiceRepo|Add payment Executed
2024-06-12 15:24:15.8461|INFO|Microsoft.AspNetCore.Mvc.Infrastructure.ObjectResultExecutor|Executing CreatedAtActionResult, writing value of type 'ModelLayer.ResponseDTO.ResponseModel`1[[System.String, System.Private.CoreLib, Version=8.0.0.0, Culture=neutral, PublicKeyToken=7cec85d7bea7798e]]'.
2024-06-12 15:24:15.8485|INFO|Microsoft.AspNetCore.Mvc.Infrastructure.ControllerActionInvoker|Executed action E_Insurance.Controllers.paymentController.Addpayment (E-Insurance) in 78.4608ms
2024-06-12 15:24:15.8485|INFO|Microsoft.AspNetCore.Routing.EndpointMiddleware|Executed endpoint 'E_Insurance.Controllers.paymentController.Addpayment (E-Insurance)'
2024-06-12 15:24:15.8485|INFO|Microsoft.AspNetCore.Hosting.Diagnostics|Request finished HTTP/2 POST https://localhost:7062/api/payment - 201 - application/json;+charset=utf-8 84.0809ms
2024-06-12 15:24:37.8379|INFO|Microsoft.AspNetCore.Hosting.Diagnostics|Request starting HTTP/1.1 POST https://localhost:7062/api/payment
 - application/json 58
2024-06-12 15:24:37.8379|INFO|Microsoft.AspNetCore.Hosting.Diagnostics|Request finished HTTP/1.1 POST https://localhost:7062/api/payment
 - 404 0 - 4.4485ms
2024-06-12 15:24:37.8379|INFO|Microsoft.AspNetCore.Hosting.Diagnostics|Request reached the end of the middleware pipeline without being handled by application code. Request path: POST https://localhost:7062/api/payment%0A, Response status code: 404
2024-06-12 15:25:45.3719|INFO|Microsoft.AspNetCore.Hosting.Diagnostics|Request starting HTTP/1.1 POST https://localhost:7062/api/payment
 - application/json 58
2024-06-12 15:25:45.3719|INFO|Microsoft.AspNetCore.Hosting.Diagnostics|Request finished HTTP/1.1 POST https://localhost:7062/api/payment
 - 404 0 - 1.6033ms
2024-06-12 15:25:45.3719|INFO|Microsoft.AspNetCore.Hosting.Diagnostics|Request reached the end of the middleware pipeline without being handled by application code. Request path: POST https://localhost:7062/api/payment%0A, Response status code: 404
2024-06-12 15:26:32.6828|INFO|Microsoft.AspNetCore.Hosting.Diagnostics|Request starting HTTP/1.1 POST https://localhost:7062/api/payment - application/json 58
2024-06-12 15:26:32.6828|INFO|Microsoft.AspNetCore.Routing.EndpointMiddleware|Executing endpoint 'E_Insurance.Controllers.paymentController.Addpayment (E-Insurance)'
2024-06-12 15:26:32.7319|INFO|Microsoft.AspNetCore.Mvc.Infrastructure.ControllerActionInvoker|Route matched with {action = "Addpayment", controller = "payment"}. Executing controller action with signature System.Threading.Tasks.Task`1[Microsoft.AspNetCore.Mvc.IActionResult] Addpayment(ModelLayer.RequestDTO.Paymentmodels.PaymentRequest) on controller E_Insurance.Controllers.paymentController (E-Insurance).
2024-06-12 15:26:32.7357|INFO|RepositoryLayer.Services.PaymentServiceRepo|Add payment Executed
2024-06-12 15:26:32.7495|INFO|Microsoft.AspNetCore.Mvc.Infrastructure.ObjectResultExecutor|Executing CreatedAtActionResult, writing value of type 'ModelLayer.ResponseDTO.ResponseModel`1[[System.String, System.Private.CoreLib, Version=8.0.0.0, Culture=neutral, PublicKeyToken=7cec85d7bea7798e]]'.
2024-06-12 15:26:32.7495|INFO|Microsoft.AspNetCore.Mvc.Infrastructure.ControllerActionInvoker|Executed action E_Insurance.Controllers.paymentController.Addpayment (E-Insurance) in 17.8051ms
2024-06-12 15:26:32.7495|INFO|Microsoft.AspNetCore.Routing.EndpointMiddleware|Executed endpoint 'E_Insurance.Controllers.paymentController.Addpayment (E-Insurance)'
2024-06-12 15:26:32.7495|INFO|Microsoft.AspNetCore.Hosting.Diagnostics|Request finished HTTP/1.1 POST https://localhost:7062/api/payment - 201 - application/json;+charset=utf-8 67.2961ms
2024-06-12 15:26:59.9557|INFO|Microsoft.AspNetCore.Hosting.Diagnostics|Request starting HTTP/2 GET https://localhost:7062/api/payment/getPayment - - -
2024-06-12 15:26:59.9719|INFO|Microsoft.AspNetCore.Routing.EndpointMiddleware|Executing endpoint 'E_Insurance.Controllers.paymentController.ViewPayment (E-Insurance)'
2024-06-12 15:26:59.9719|INFO|Microsoft.AspNetCore.Mvc.Infrastructure.ControllerActionInvoker|Route matched with {action = "ViewPayment", controller = "payment"}. Executing controller action with signature System.Threading.Tasks.Task`1[Microsoft.AspNetCore.Mvc.IActionResult] ViewPayment() on controller E_Insurance.Controllers.paymentController (E-Insurance).
2024-06-12 15:26:59.9719|INFO|RepositoryLayer.Services.PaymentServiceRepo|Get Payments Executed
2024-06-12 15:26:59.9930|INFO|Microsoft.AspNetCore.Mvc.Infrastructure.ObjectResultExecutor|Executing OkObjectResult, writing value of type 'ModelLayer.ResponseDTO.ResponseModel`1[[System.Collections.Generic.IEnumerable`1[[ModelLayer.Entities.PaymentEntity, ModelLayer, Version=1.0.0.0, Culture=neutral, PublicKeyToken=null]], System.Private.CoreLib, Version=8.0.0.0, Culture=neutral, PublicKeyToken=7cec85d7bea7798e]]'.
2024-06-12 15:27:00.0007|INFO|Microsoft.AspNetCore.Mvc.Infrastructure.ControllerActionInvoker|Executed action E_Insurance.Controllers.paymentController.ViewPayment (E-Insurance) in 25.8923ms
2024-06-12 15:27:00.0007|INFO|Microsoft.AspNetCore.Routing.EndpointMiddleware|Executed endpoint 'E_Insurance.Controllers.paymentController.ViewPayment (E-Insurance)'
2024-06-12 15:27:00.0007|INFO|Microsoft.AspNetCore.Hosting.Diagnostics|Request finished HTTP/2 GET https://localhost:7062/api/payment/getPayment - 200 - application/json;+charset=utf-8 47.1055ms
2024-06-12 15:27:39.7421|INFO|Microsoft.AspNetCore.Hosting.Diagnostics|Request starting HTTP/2 GET https://localhost:7062/api/payment/getReceipt - - -
2024-06-12 15:27:39.7585|INFO|Microsoft.AspNetCore.Routing.EndpointMiddleware|Executing endpoint 'E_Insurance.Controllers.paymentController.GenerateReceipt (E-Insurance)'
2024-06-12 15:27:39.7878|INFO|Microsoft.AspNetCore.Mvc.Infrastructure.ControllerActionInvoker|Route matched with {action = "GenerateReceipt", controller = "payment"}. Executing controller action with signature System.Threading.Tasks.Task`1[Microsoft.AspNetCore.Mvc.IActionResult] GenerateReceipt(Int32) on controller E_Insurance.Controllers.paymentController (E-Insurance).
2024-06-12 15:27:39.7878|INFO|RepositoryLayer.Services.PaymentServiceRepo|Get Receipt Executed
2024-06-12 15:27:39.9243|ERROR|RepositoryLayer.Services.PaymentServiceRepo|Error occured while Getting Receipt |System.InvalidOperationException: Sequence contains no elements
   at System.Linq.ThrowHelper.ThrowNoElementsException()
   at System.Linq.Enumerable.Single[TSource](IEnumerable`1 source)
   at Dapper.SqlMapper.ThrowZeroRows(Row row) in /_/Dapper/SqlMapper.cs:line 1257
   at Dapper.SqlMapper.QueryRowAsync[T](IDbConnection cnn, Row row, Type effectiveType, CommandDefinition command) in /_/Dapper/SqlMapper.Async.cs:line 503
   at RepositoryLayer.Services.PaymentServiceRepo.getReceipt(Int32 PurchaseId, Int32 CustomerId) in C:\Users\dilee\source\repos\E-Insurance\RepositoryLayer\Services\PaymentServiceRepo.cs:line 72
2024-06-12 15:27:40.1290|INFO|Microsoft.AspNetCore.Mvc.Infrastructure.ObjectResultExecutor|Executing BadRequestObjectResult, writing value of type 'System.String'.
2024-06-12 15:27:40.1290|INFO|Microsoft.AspNetCore.Mvc.Infrastructure.ControllerActionInvoker|Executed action E_Insurance.Controllers.paymentController.GenerateReceipt (E-Insurance) in 341.3602ms
2024-06-12 15:27:40.1290|INFO|Microsoft.AspNetCore.Routing.EndpointMiddleware|Executed endpoint 'E_Insurance.Controllers.paymentController.GenerateReceipt (E-Insurance)'
2024-06-12 15:27:40.1290|INFO|Microsoft.AspNetCore.Hosting.Diagnostics|Request finished HTTP/2 GET https://localhost:7062/api/payment/getReceipt - 400 - text/plain;+charset=utf-8 387.6906ms
2024-06-12 15:28:07.9420|INFO|Microsoft.AspNetCore.Hosting.Diagnostics|Request starting HTTP/2 GET https://localhost:7062/api/payment/getReceipt?PurchaseId=1 - - -
2024-06-12 15:28:07.9420|INFO|Microsoft.AspNetCore.Routing.EndpointMiddleware|Executing endpoint 'E_Insurance.Controllers.paymentController.GenerateReceipt (E-Insurance)'
2024-06-12 15:28:07.9420|INFO|Microsoft.AspNetCore.Mvc.Infrastructure.ControllerActionInvoker|Route matched with {action = "GenerateReceipt", controller = "payment"}. Executing controller action with signature System.Threading.Tasks.Task`1[Microsoft.AspNetCore.Mvc.IActionResult] GenerateReceipt(Int32) on controller E_Insurance.Controllers.paymentController (E-Insurance).
2024-06-12 15:28:08.0115|INFO|RepositoryLayer.Services.PaymentServiceRepo|Get Receipt Executed
2024-06-12 15:28:08.0331|INFO|Microsoft.AspNetCore.Mvc.Infrastructure.ObjectResultExecutor|Executing OkObjectResult, writing value of type 'ModelLayer.ResponseDTO.ResponseModel`1[[ModelLayer.Entities.PaymentEntity, ModelLayer, Version=1.0.0.0, Culture=neutral, PublicKeyToken=null]]'.
2024-06-12 15:28:08.0331|INFO|Microsoft.AspNetCore.Mvc.Infrastructure.ControllerActionInvoker|Executed action E_Insurance.Controllers.paymentController.GenerateReceipt (E-Insurance) in 81.4118ms
2024-06-12 15:28:08.0331|INFO|Microsoft.AspNetCore.Routing.EndpointMiddleware|Executed endpoint 'E_Insurance.Controllers.paymentController.GenerateReceipt (E-Insurance)'
2024-06-12 15:28:08.0331|INFO|Microsoft.AspNetCore.Hosting.Diagnostics|Request finished HTTP/2 GET https://localhost:7062/api/payment/getReceipt?PurchaseId=1 - 200 - application/json;+charset=utf-8 92.5386ms
2024-06-12 15:28:26.1398|INFO|Microsoft.AspNetCore.Hosting.Diagnostics|Request starting HTTP/1.1 GET https://localhost:7062/api/payment/getReceipt?PurchaseId=1 - - -
2024-06-12 15:28:26.1405|INFO|Microsoft.AspNetCore.Routing.EndpointMiddleware|Executing endpoint 'E_Insurance.Controllers.paymentController.GenerateReceipt (E-Insurance)'
2024-06-12 15:28:26.1405|INFO|Microsoft.AspNetCore.Mvc.Infrastructure.ControllerActionInvoker|Route matched with {action = "GenerateReceipt", controller = "payment"}. Executing controller action with signature System.Threading.Tasks.Task`1[Microsoft.AspNetCore.Mvc.IActionResult] GenerateReceipt(Int32) on controller E_Insurance.Controllers.paymentController (E-Insurance).
2024-06-12 15:28:26.1405|INFO|RepositoryLayer.Services.PaymentServiceRepo|Get Receipt Executed
2024-06-12 15:28:26.1405|INFO|Microsoft.AspNetCore.Mvc.Infrastructure.ObjectResultExecutor|Executing OkObjectResult, writing value of type 'ModelLayer.ResponseDTO.ResponseModel`1[[ModelLayer.Entities.PaymentEntity, ModelLayer, Version=1.0.0.0, Culture=neutral, PublicKeyToken=null]]'.
2024-06-12 15:28:26.1405|INFO|Microsoft.AspNetCore.Mvc.Infrastructure.ControllerActionInvoker|Executed action E_Insurance.Controllers.paymentController.GenerateReceipt (E-Insurance) in 18.848ms
2024-06-12 15:28:26.1405|INFO|Microsoft.AspNetCore.Routing.EndpointMiddleware|Executed endpoint 'E_Insurance.Controllers.paymentController.GenerateReceipt (E-Insurance)'
2024-06-12 15:28:26.1405|INFO|Microsoft.AspNetCore.Hosting.Diagnostics|Request finished HTTP/1.1 GET https://localhost:7062/api/payment/getReceipt?PurchaseId=1 - 200 - application/json;+charset=utf-8 19.8112ms
2024-06-12 15:29:23.1325|INFO|Microsoft.AspNetCore.Hosting.Diagnostics|Request starting HTTP/1.1 POST https://localhost:7062/api/payment - application/json 58
2024-06-12 15:29:23.1325|INFO|Microsoft.AspNetCore.Routing.EndpointMiddleware|Executing endpoint 'E_Insurance.Controllers.paymentController.Addpayment (E-Insurance)'
2024-06-12 15:29:23.1325|INFO|Microsoft.AspNetCore.Mvc.Infrastructure.ControllerActionInvoker|Route matched with {action = "Addpayment", controller = "payment"}. Executing controller action with signature System.Threading.Tasks.Task`1[Microsoft.AspNetCore.Mvc.IActionResult] Addpayment(ModelLayer.RequestDTO.Paymentmodels.PaymentRequest) on controller E_Insurance.Controllers.paymentController (E-Insurance).
2024-06-12 15:29:23.1633|INFO|RepositoryLayer.Services.PaymentServiceRepo|Add payment Executed
2024-06-12 15:29:23.1814|INFO|Microsoft.AspNetCore.Mvc.Infrastructure.ObjectResultExecutor|Executing CreatedAtActionResult, writing value of type 'ModelLayer.ResponseDTO.ResponseModel`1[[System.String, System.Private.CoreLib, Version=8.0.0.0, Culture=neutral, PublicKeyToken=7cec85d7bea7798e]]'.
2024-06-12 15:29:23.1814|INFO|Microsoft.AspNetCore.Mvc.Infrastructure.ControllerActionInvoker|Executed action E_Insurance.Controllers.paymentController.Addpayment (E-Insurance) in 47.9198ms
2024-06-12 15:29:23.1814|INFO|Microsoft.AspNetCore.Routing.EndpointMiddleware|Executed endpoint 'E_Insurance.Controllers.paymentController.Addpayment (E-Insurance)'
2024-06-12 15:29:23.1814|INFO|Microsoft.AspNetCore.Hosting.Diagnostics|Request finished HTTP/1.1 POST https://localhost:7062/api/payment - 201 - application/json;+charset=utf-8 50.0007ms
2024-06-12 15:29:33.2455|INFO|Microsoft.AspNetCore.Hosting.Diagnostics|Request starting HTTP/1.1 GET https://localhost:7062/api/payment/getReceipt?PurchaseId=1 - - -
2024-06-12 15:29:33.2935|INFO|Microsoft.AspNetCore.Routing.EndpointMiddleware|Executing endpoint 'E_Insurance.Controllers.paymentController.GenerateReceipt (E-Insurance)'
2024-06-12 15:29:33.2935|INFO|Microsoft.AspNetCore.Mvc.Infrastructure.ControllerActionInvoker|Route matched with {action = "GenerateReceipt", controller = "payment"}. Executing controller action with signature System.Threading.Tasks.Task`1[Microsoft.AspNetCore.Mvc.IActionResult] GenerateReceipt(Int32) on controller E_Insurance.Controllers.paymentController (E-Insurance).
2024-06-12 15:29:33.2951|INFO|RepositoryLayer.Services.PaymentServiceRepo|Get Receipt Executed
2024-06-12 15:29:33.3148|INFO|Microsoft.AspNetCore.Mvc.Infrastructure.ObjectResultExecutor|Executing OkObjectResult, writing value of type 'ModelLayer.ResponseDTO.ResponseModel`1[[ModelLayer.Entities.PaymentEntity, ModelLayer, Version=1.0.0.0, Culture=neutral, PublicKeyToken=null]]'.
2024-06-12 15:29:33.3148|INFO|Microsoft.AspNetCore.Mvc.Infrastructure.ControllerActionInvoker|Executed action E_Insurance.Controllers.paymentController.GenerateReceipt (E-Insurance) in 21.6243ms
2024-06-12 15:29:33.3148|INFO|Microsoft.AspNetCore.Routing.EndpointMiddleware|Executed endpoint 'E_Insurance.Controllers.paymentController.GenerateReceipt (E-Insurance)'
2024-06-12 15:29:33.3148|INFO|Microsoft.AspNetCore.Hosting.Diagnostics|Request finished HTTP/1.1 GET https://localhost:7062/api/payment/getReceipt?PurchaseId=1 - 200 - application/json;+charset=utf-8 72.1693ms
2024-06-12 15:30:19.6468|INFO|Microsoft.AspNetCore.Hosting.Diagnostics|Request starting HTTP/1.1 POST https://localhost:7062/api/payment - application/json 58
2024-06-12 15:30:19.6468|INFO|Microsoft.AspNetCore.Routing.EndpointMiddleware|Executing endpoint 'E_Insurance.Controllers.paymentController.Addpayment (E-Insurance)'
2024-06-12 15:30:19.6468|INFO|Microsoft.AspNetCore.Mvc.Infrastructure.ControllerActionInvoker|Route matched with {action = "Addpayment", controller = "payment"}. Executing controller action with signature System.Threading.Tasks.Task`1[Microsoft.AspNetCore.Mvc.IActionResult] Addpayment(ModelLayer.RequestDTO.Paymentmodels.PaymentRequest) on controller E_Insurance.Controllers.paymentController (E-Insurance).
2024-06-12 15:30:19.6614|INFO|RepositoryLayer.Services.PaymentServiceRepo|Add payment Executed
2024-06-12 15:30:19.7039|INFO|Microsoft.AspNetCore.Mvc.Infrastructure.ObjectResultExecutor|Executing CreatedAtActionResult, writing value of type 'ModelLayer.ResponseDTO.ResponseModel`1[[System.String, System.Private.CoreLib, Version=8.0.0.0, Culture=neutral, PublicKeyToken=7cec85d7bea7798e]]'.
2024-06-12 15:30:19.7043|INFO|Microsoft.AspNetCore.Mvc.Infrastructure.ControllerActionInvoker|Executed action E_Insurance.Controllers.paymentController.Addpayment (E-Insurance) in 49.9694ms
2024-06-12 15:30:19.7043|INFO|Microsoft.AspNetCore.Routing.EndpointMiddleware|Executed endpoint 'E_Insurance.Controllers.paymentController.Addpayment (E-Insurance)'
2024-06-12 15:30:19.7043|INFO|Microsoft.AspNetCore.Hosting.Diagnostics|Request finished HTTP/1.1 POST https://localhost:7062/api/payment - 201 - application/json;+charset=utf-8 58.8660ms
2024-06-12 15:30:38.3593|INFO|Microsoft.AspNetCore.Hosting.Diagnostics|Request starting HTTP/1.1 GET https://localhost:7062/api/payment/getReceipt?PurchaseId=1 - - -
2024-06-12 15:30:38.3593|INFO|Microsoft.AspNetCore.Routing.EndpointMiddleware|Executing endpoint 'E_Insurance.Controllers.paymentController.GenerateReceipt (E-Insurance)'
2024-06-12 15:30:38.3593|INFO|Microsoft.AspNetCore.Mvc.Infrastructure.ControllerActionInvoker|Route matched with {action = "GenerateReceipt", controller = "payment"}. Executing controller action with signature System.Threading.Tasks.Task`1[Microsoft.AspNetCore.Mvc.IActionResult] GenerateReceipt(Int32) on controller E_Insurance.Controllers.paymentController (E-Insurance).
2024-06-12 15:30:38.3593|INFO|RepositoryLayer.Services.PaymentServiceRepo|Get Receipt Executed
2024-06-12 15:30:38.3770|INFO|Microsoft.AspNetCore.Mvc.Infrastructure.ObjectResultExecutor|Executing OkObjectResult, writing value of type 'ModelLayer.ResponseDTO.ResponseModel`1[[ModelLayer.Entities.PaymentEntity, ModelLayer, Version=1.0.0.0, Culture=neutral, PublicKeyToken=null]]'.
2024-06-12 15:30:38.3770|INFO|Microsoft.AspNetCore.Mvc.Infrastructure.ControllerActionInvoker|Executed action E_Insurance.Controllers.paymentController.GenerateReceipt (E-Insurance) in 16.7285ms
2024-06-12 15:30:38.3770|INFO|Microsoft.AspNetCore.Routing.EndpointMiddleware|Executed endpoint 'E_Insurance.Controllers.paymentController.GenerateReceipt (E-Insurance)'
2024-06-12 15:30:38.3770|INFO|Microsoft.AspNetCore.Hosting.Diagnostics|Request finished HTTP/1.1 GET https://localhost:7062/api/payment/getReceipt?PurchaseId=1 - 200 - application/json;+charset=utf-8 18.1948ms
2024-06-12 15:49:05.3252|INFO|Microsoft.AspNetCore.Hosting.Diagnostics|Request starting HTTP/1.1 GET https://localhost:7062/api/payment/getReceipt?PurchaseId=1 - - -
2024-06-12 15:49:05.3403|INFO|Microsoft.AspNetCore.Routing.EndpointMiddleware|Executing endpoint 'E_Insurance.Controllers.paymentController.GenerateReceipt (E-Insurance)'
2024-06-12 15:49:05.3418|INFO|Microsoft.AspNetCore.Mvc.Infrastructure.ControllerActionInvoker|Route matched with {action = "GenerateReceipt", controller = "payment"}. Executing controller action with signature System.Threading.Tasks.Task`1[Microsoft.AspNetCore.Mvc.IActionResult] GenerateReceipt(Int32) on controller E_Insurance.Controllers.paymentController (E-Insurance).
2024-06-12 15:49:05.3418|INFO|RepositoryLayer.Services.PaymentServiceRepo|Get Receipt Executed
2024-06-12 15:49:05.4030|INFO|Microsoft.AspNetCore.Mvc.Infrastructure.ObjectResultExecutor|Executing OkObjectResult, writing value of type 'ModelLayer.ResponseDTO.ResponseModel`1[[ModelLayer.Entities.PaymentEntity, ModelLayer, Version=1.0.0.0, Culture=neutral, PublicKeyToken=null]]'.
2024-06-12 15:49:05.4049|INFO|Microsoft.AspNetCore.Mvc.Infrastructure.ControllerActionInvoker|Executed action E_Insurance.Controllers.paymentController.GenerateReceipt (E-Insurance) in 62.8057ms
2024-06-12 15:49:05.4049|INFO|Microsoft.AspNetCore.Routing.EndpointMiddleware|Executed endpoint 'E_Insurance.Controllers.paymentController.GenerateReceipt (E-Insurance)'
2024-06-12 15:49:05.4049|INFO|Microsoft.AspNetCore.Hosting.Diagnostics|Request finished HTTP/1.1 GET https://localhost:7062/api/payment/getReceipt?PurchaseId=1 - 200 - application/json;+charset=utf-8 82.4446ms
