2024-06-08 00:54:56.4491|INFO|Microsoft.AspNetCore.DataProtection.KeyManagement.XmlKeyManager|User profile is available. Using 'C:\Users\dilee\AppData\Local\ASP.NET\DataProtection-Keys' as key repository and Windows DPAPI to encrypt keys at rest.
2024-06-08 00:54:57.6682|INFO|Microsoft.Hosting.Lifetime|Now listening on: https://localhost:7062
2024-06-08 00:54:57.6858|INFO|Microsoft.Hosting.Lifetime|Now listening on: http://localhost:5095
2024-06-08 00:54:57.7983|INFO|Microsoft.Hosting.Lifetime|Application started. Press Ctrl+C to shut down.
2024-06-08 00:54:57.7983|INFO|Microsoft.Hosting.Lifetime|Hosting environment: Development
2024-06-08 00:54:57.7983|INFO|Microsoft.Hosting.Lifetime|Content root path: C:\Users\dilee\source\repos\E-Insurance\E-Insurance
2024-06-08 00:54:59.2387|INFO|Microsoft.AspNetCore.Hosting.Diagnostics|Request starting HTTP/2 GET https://localhost:7062/swagger/index.html - - -
2024-06-08 00:55:00.0827|INFO|Microsoft.AspNetCore.Hosting.Diagnostics|Request finished HTTP/2 GET https://localhost:7062/swagger/index.html - 200 - text/html;charset=utf-8 865.1718ms
2024-06-08 00:55:00.1043|INFO|Microsoft.AspNetCore.Hosting.Diagnostics|Request starting HTTP/2 GET https://localhost:7062/_framework/aspnetcore-browser-refresh.js - - -
2024-06-08 00:55:00.1043|INFO|Microsoft.AspNetCore.Hosting.Diagnostics|Request starting HTTP/2 GET https://localhost:7062/_vs/browserLink - - -
2024-06-08 00:55:00.1043|INFO|Microsoft.AspNetCore.Hosting.Diagnostics|Request finished HTTP/2 GET https://localhost:7062/_framework/aspnetcore-browser-refresh.js - 200 13758 application/javascript;+charset=utf-8 29.9993ms
2024-06-08 00:55:00.1874|INFO|Microsoft.AspNetCore.Hosting.Diagnostics|Request finished HTTP/2 GET https://localhost:7062/_vs/browserLink - 200 - text/javascript;+charset=UTF-8 80.4229ms
2024-06-08 00:55:00.2448|INFO|Microsoft.AspNetCore.Hosting.Diagnostics|Request starting HTTP/2 GET https://localhost:7062/swagger/v1/swagger.json - - -
2024-06-08 00:55:00.4073|INFO|Microsoft.AspNetCore.Hosting.Diagnostics|Request finished HTTP/2 GET https://localhost:7062/swagger/v1/swagger.json - 200 - application/json;charset=utf-8 163.1097ms
2024-06-08 00:55:19.1522|INFO|Microsoft.AspNetCore.Hosting.Diagnostics|Request starting HTTP/2 POST https://localhost:7062/api/payment - application/json 53
2024-06-08 00:55:19.1682|INFO|Microsoft.AspNetCore.Routing.EndpointMiddleware|Executing endpoint 'E_Insurance.Controllers.paymentController.Addpayment (E-Insurance)'
2024-06-08 00:55:19.2248|INFO|Microsoft.AspNetCore.Mvc.Infrastructure.ControllerActionInvoker|Route matched with {action = "Addpayment", controller = "payment"}. Executing controller action with signature System.Threading.Tasks.Task`1[Microsoft.AspNetCore.Mvc.IActionResult] Addpayment(ModelLayer.RequestDTO.Paymentmodels.PaymentRequest) on controller E_Insurance.Controllers.paymentController (E-Insurance).
2024-06-08 00:55:21.1882|INFO|Microsoft.AspNetCore.Mvc.Infrastructure.ObjectResultExecutor|Executing BadRequestObjectResult, writing value of type 'System.String'.
2024-06-08 00:55:21.1985|INFO|Microsoft.AspNetCore.Mvc.Infrastructure.ControllerActionInvoker|Executed action E_Insurance.Controllers.paymentController.Addpayment (E-Insurance) in 1965.9774ms
2024-06-08 00:55:21.1985|INFO|Microsoft.AspNetCore.Routing.EndpointMiddleware|Executed endpoint 'E_Insurance.Controllers.paymentController.Addpayment (E-Insurance)'
2024-06-08 00:55:21.1985|INFO|Microsoft.AspNetCore.Hosting.Diagnostics|Request finished HTTP/2 POST https://localhost:7062/api/payment - 400 - text/plain;+charset=utf-8 2048.4836ms
2024-06-08 10:29:10.6199|INFO|Microsoft.AspNetCore.DataProtection.KeyManagement.XmlKeyManager|User profile is available. Using 'C:\Users\dilee\AppData\Local\ASP.NET\DataProtection-Keys' as key repository and Windows DPAPI to encrypt keys at rest.
2024-06-08 10:29:10.9492|INFO|Microsoft.Hosting.Lifetime|Now listening on: https://localhost:7062
2024-06-08 10:29:10.9492|INFO|Microsoft.Hosting.Lifetime|Now listening on: http://localhost:5095
2024-06-08 10:29:10.9880|INFO|Microsoft.Hosting.Lifetime|Application started. Press Ctrl+C to shut down.
2024-06-08 10:29:10.9880|INFO|Microsoft.Hosting.Lifetime|Hosting environment: Development
2024-06-08 10:29:10.9880|INFO|Microsoft.Hosting.Lifetime|Content root path: C:\Users\dilee\source\repos\E-Insurance\E-Insurance
2024-06-08 10:29:12.4809|INFO|Microsoft.AspNetCore.Hosting.Diagnostics|Request starting HTTP/2 GET https://localhost:7062/swagger/index.html - - -
2024-06-08 10:29:12.7875|INFO|Microsoft.AspNetCore.Hosting.Diagnostics|Request finished HTTP/2 GET https://localhost:7062/swagger/index.html - 200 - text/html;charset=utf-8 312.2494ms
2024-06-08 10:29:12.8094|INFO|Microsoft.AspNetCore.Hosting.Diagnostics|Request starting HTTP/2 GET https://localhost:7062/_framework/aspnetcore-browser-refresh.js - - -
2024-06-08 10:29:12.8094|INFO|Microsoft.AspNetCore.Hosting.Diagnostics|Request starting HTTP/2 GET https://localhost:7062/_vs/browserLink - - -
2024-06-08 10:29:12.8166|INFO|Microsoft.AspNetCore.Hosting.Diagnostics|Request finished HTTP/2 GET https://localhost:7062/_framework/aspnetcore-browser-refresh.js - 200 13758 application/javascript;+charset=utf-8 7.1611ms
2024-06-08 10:29:12.8618|INFO|Microsoft.AspNetCore.Hosting.Diagnostics|Request finished HTTP/2 GET https://localhost:7062/_vs/browserLink - 200 - text/javascript;+charset=UTF-8 46.8855ms
2024-06-08 10:29:12.9586|INFO|Microsoft.AspNetCore.Hosting.Diagnostics|Request starting HTTP/2 GET https://localhost:7062/swagger/v1/swagger.json - - -
2024-06-08 10:29:12.9894|ERROR|Microsoft.AspNetCore.Diagnostics.DeveloperExceptionPageMiddleware|An unhandled exception has occurred while executing the request.|Swashbuckle.AspNetCore.SwaggerGen.SwaggerGeneratorException: Conflicting method/path combination "POST api/purchase" for actions - E_Insurance.Controllers.purchaseController.PurchasePolicy (E-Insurance),E_Insurance.Controllers.purchaseController.AddPremium (E-Insurance). Actions require a unique method/path combination for Swagger/OpenAPI 3.0. Use ConflictingActionsResolver as a workaround
   at Swashbuckle.AspNetCore.SwaggerGen.SwaggerGenerator.GenerateOperations(IEnumerable`1 apiDescriptions, SchemaRepository schemaRepository)
   at Swashbuckle.AspNetCore.SwaggerGen.SwaggerGenerator.GeneratePaths(IEnumerable`1 apiDescriptions, SchemaRepository schemaRepository)
   at Swashbuckle.AspNetCore.SwaggerGen.SwaggerGenerator.GetSwaggerDocumentWithoutFilters(String documentName, String host, String basePath)
   at Swashbuckle.AspNetCore.SwaggerGen.SwaggerGenerator.GetSwaggerAsync(String documentName, String host, String basePath)
   at Swashbuckle.AspNetCore.Swagger.SwaggerMiddleware.Invoke(HttpContext httpContext, ISwaggerProvider swaggerProvider)
   at Microsoft.AspNetCore.Authentication.AuthenticationMiddleware.Invoke(HttpContext context)
   at Microsoft.AspNetCore.Diagnostics.DeveloperExceptionPageMiddlewareImpl.Invoke(HttpContext context)
2024-06-08 10:29:13.2031|INFO|Microsoft.AspNetCore.Hosting.Diagnostics|Request finished HTTP/2 GET https://localhost:7062/swagger/v1/swagger.json - 500 - text/plain;+charset=utf-8 244.7331ms
2024-06-08 13:05:25.8750|INFO|Microsoft.AspNetCore.DataProtection.KeyManagement.XmlKeyManager|User profile is available. Using 'C:\Users\dilee\AppData\Local\ASP.NET\DataProtection-Keys' as key repository and Windows DPAPI to encrypt keys at rest.
2024-06-08 13:05:27.0550|INFO|Microsoft.Hosting.Lifetime|Now listening on: https://localhost:7062
2024-06-08 13:05:27.0568|INFO|Microsoft.Hosting.Lifetime|Now listening on: http://localhost:5095
2024-06-08 13:05:27.1414|INFO|Microsoft.Hosting.Lifetime|Application started. Press Ctrl+C to shut down.
2024-06-08 13:05:27.1414|INFO|Microsoft.Hosting.Lifetime|Hosting environment: Development
2024-06-08 13:05:27.1414|INFO|Microsoft.Hosting.Lifetime|Content root path: C:\Users\dilee\source\repos\E-Insurance\E-Insurance
2024-06-08 13:05:28.0319|INFO|Microsoft.AspNetCore.Hosting.Diagnostics|Request starting HTTP/2 GET https://localhost:7062/swagger/index.html - - -
2024-06-08 13:05:28.7797|INFO|Microsoft.AspNetCore.Hosting.Diagnostics|Request finished HTTP/2 GET https://localhost:7062/swagger/index.html - 200 - text/html;charset=utf-8 765.2600ms
2024-06-08 13:05:28.8299|INFO|Microsoft.AspNetCore.Hosting.Diagnostics|Request starting HTTP/2 GET https://localhost:7062/_framework/aspnetcore-browser-refresh.js - - -
2024-06-08 13:05:28.8299|INFO|Microsoft.AspNetCore.Hosting.Diagnostics|Request starting HTTP/2 GET https://localhost:7062/_vs/browserLink - - -
2024-06-08 13:05:28.8299|INFO|Microsoft.AspNetCore.Hosting.Diagnostics|Request finished HTTP/2 GET https://localhost:7062/_framework/aspnetcore-browser-refresh.js - 200 13758 application/javascript;+charset=utf-8 6.3156ms
2024-06-08 13:05:28.9129|INFO|Microsoft.AspNetCore.Hosting.Diagnostics|Request finished HTTP/2 GET https://localhost:7062/_vs/browserLink - 200 - text/javascript;+charset=UTF-8 81.9564ms
2024-06-08 13:05:29.0380|INFO|Microsoft.AspNetCore.Hosting.Diagnostics|Request starting HTTP/2 GET https://localhost:7062/swagger/v1/swagger.json - - -
2024-06-08 13:05:29.2411|INFO|Microsoft.AspNetCore.Hosting.Diagnostics|Request finished HTTP/2 GET https://localhost:7062/swagger/v1/swagger.json - 200 - application/json;charset=utf-8 203.1686ms
