2024-06-10 00:35:18.8015|INFO|Microsoft.AspNetCore.DataProtection.KeyManagement.XmlKeyManager|User profile is available. Using 'C:\Users\dilee\AppData\Local\ASP.NET\DataProtection-Keys' as key repository and Windows DPAPI to encrypt keys at rest.
2024-06-10 00:35:19.1222|INFO|Microsoft.Hosting.Lifetime|Now listening on: https://localhost:7062
2024-06-10 00:35:19.1222|INFO|Microsoft.Hosting.Lifetime|Now listening on: http://localhost:5095
2024-06-10 00:35:19.1642|INFO|Microsoft.Hosting.Lifetime|Application started. Press Ctrl+C to shut down.
2024-06-10 00:35:19.1642|INFO|Microsoft.Hosting.Lifetime|Hosting environment: Development
2024-06-10 00:35:19.1642|INFO|Microsoft.Hosting.Lifetime|Content root path: C:\Users\dilee\source\repos\E-Insurance\E-Insurance
2024-06-10 00:35:23.0954|INFO|Microsoft.AspNetCore.Hosting.Diagnostics|Request starting HTTP/2 GET https://localhost:7062/swagger/index.html - - -
2024-06-10 00:35:23.3992|INFO|Microsoft.AspNetCore.Hosting.Diagnostics|Request finished HTTP/2 GET https://localhost:7062/swagger/index.html - 200 - text/html;charset=utf-8 309.5767ms
2024-06-10 00:35:23.4109|INFO|Microsoft.AspNetCore.Hosting.Diagnostics|Request starting HTTP/2 GET https://localhost:7062/_vs/browserLink - - -
2024-06-10 00:35:23.4109|INFO|Microsoft.AspNetCore.Hosting.Diagnostics|Request starting HTTP/2 GET https://localhost:7062/_framework/aspnetcore-browser-refresh.js - - -
2024-06-10 00:35:23.4266|INFO|Microsoft.AspNetCore.Hosting.Diagnostics|Request finished HTTP/2 GET https://localhost:7062/_framework/aspnetcore-browser-refresh.js - 200 13758 application/javascript;+charset=utf-8 16.0367ms
2024-06-10 00:35:23.4936|INFO|Microsoft.AspNetCore.Hosting.Diagnostics|Request finished HTTP/2 GET https://localhost:7062/_vs/browserLink - 200 - text/javascript;+charset=UTF-8 82.6678ms
2024-06-10 00:35:23.5360|INFO|Microsoft.AspNetCore.Hosting.Diagnostics|Request starting HTTP/2 GET https://localhost:7062/swagger/v1/swagger.json - - -
2024-06-10 00:35:23.5968|INFO|Microsoft.AspNetCore.Hosting.Diagnostics|Request finished HTTP/2 GET https://localhost:7062/swagger/v1/swagger.json - 200 - application/json;charset=utf-8 60.7944ms
2024-06-10 00:40:24.5575|INFO|Microsoft.AspNetCore.Hosting.Diagnostics|Request starting HTTP/2 POST https://localhost:7062/api/purchase/customerDetails - application/json 226
2024-06-10 00:40:24.5575|INFO|Microsoft.AspNetCore.Routing.EndpointMiddleware|Executing endpoint 'E_Insurance.Controllers.purchaseController.CustomerDetails (E-Insurance)'
2024-06-10 00:40:24.5955|INFO|Microsoft.AspNetCore.Mvc.Infrastructure.ControllerActionInvoker|Route matched with {action = "CustomerDetails", controller = "purchase"}. Executing controller action with signature System.Threading.Tasks.Task`1[Microsoft.AspNetCore.Mvc.IActionResult] CustomerDetails(ModelLayer.RequestDTO.PolicyModels.CustomerDetailsRequest) on controller E_Insurance.Controllers.purchaseController (E-Insurance).
2024-06-10 00:40:24.9137|INFO|Microsoft.AspNetCore.Mvc.Infrastructure.ObjectResultExecutor|Executing BadRequestObjectResult, writing value of type 'System.String'.
2024-06-10 00:40:24.9181|INFO|Microsoft.AspNetCore.Mvc.Infrastructure.ControllerActionInvoker|Executed action E_Insurance.Controllers.purchaseController.CustomerDetails (E-Insurance) in 318.499ms
2024-06-10 00:40:24.9181|INFO|Microsoft.AspNetCore.Routing.EndpointMiddleware|Executed endpoint 'E_Insurance.Controllers.purchaseController.CustomerDetails (E-Insurance)'
2024-06-10 00:40:24.9181|INFO|Microsoft.AspNetCore.Hosting.Diagnostics|Request finished HTTP/2 POST https://localhost:7062/api/purchase/customerDetails - 400 - text/plain;+charset=utf-8 361.1508ms
2024-06-10 11:56:32.7102|INFO|Microsoft.AspNetCore.DataProtection.KeyManagement.XmlKeyManager|User profile is available. Using 'C:\Users\dilee\AppData\Local\ASP.NET\DataProtection-Keys' as key repository and Windows DPAPI to encrypt keys at rest.
2024-06-10 11:56:33.5469|INFO|Microsoft.Hosting.Lifetime|Now listening on: https://localhost:7062
2024-06-10 11:56:33.5469|INFO|Microsoft.Hosting.Lifetime|Now listening on: http://localhost:5095
2024-06-10 11:56:33.6008|INFO|Microsoft.Hosting.Lifetime|Application started. Press Ctrl+C to shut down.
2024-06-10 11:56:33.6008|INFO|Microsoft.Hosting.Lifetime|Hosting environment: Development
2024-06-10 11:56:33.6008|INFO|Microsoft.Hosting.Lifetime|Content root path: C:\Users\dilee\source\repos\E-Insurance\E-Insurance
2024-06-10 11:56:34.3792|INFO|Microsoft.AspNetCore.Hosting.Diagnostics|Request starting HTTP/2 GET https://localhost:7062/swagger/index.html - - -
2024-06-10 11:56:34.9388|INFO|Microsoft.AspNetCore.Hosting.Diagnostics|Request finished HTTP/2 GET https://localhost:7062/swagger/index.html - 200 - text/html;charset=utf-8 574.9525ms
2024-06-10 11:56:34.9480|INFO|Microsoft.AspNetCore.Hosting.Diagnostics|Request starting HTTP/2 GET https://localhost:7062/_framework/aspnetcore-browser-refresh.js - - -
2024-06-10 11:56:34.9480|INFO|Microsoft.AspNetCore.Hosting.Diagnostics|Request starting HTTP/2 GET https://localhost:7062/_vs/browserLink - - -
2024-06-10 11:56:34.9569|INFO|Microsoft.AspNetCore.Hosting.Diagnostics|Request finished HTTP/2 GET https://localhost:7062/_framework/aspnetcore-browser-refresh.js - 200 13758 application/javascript;+charset=utf-8 9.2308ms
2024-06-10 11:56:35.0126|INFO|Microsoft.AspNetCore.Hosting.Diagnostics|Request finished HTTP/2 GET https://localhost:7062/_vs/browserLink - 200 - text/javascript;+charset=UTF-8 64.5001ms
2024-06-10 11:56:35.0713|INFO|Microsoft.AspNetCore.Hosting.Diagnostics|Request starting HTTP/2 GET https://localhost:7062/swagger/v1/swagger.json - - -
2024-06-10 11:56:35.1931|INFO|Microsoft.AspNetCore.Hosting.Diagnostics|Request finished HTTP/2 GET https://localhost:7062/swagger/v1/swagger.json - 200 - application/json;charset=utf-8 122.0740ms
2024-06-10 12:00:29.2896|INFO|Microsoft.AspNetCore.Hosting.Diagnostics|Request starting HTTP/2 GET https://localhost:7062/api/purchase - - -
2024-06-10 12:00:29.2896|INFO|Microsoft.AspNetCore.Routing.EndpointMiddleware|Executing endpoint 'E_Insurance.Controllers.purchaseController.ViewPolicies (E-Insurance)'
2024-06-10 12:00:29.3355|INFO|Microsoft.AspNetCore.Mvc.Infrastructure.ControllerActionInvoker|Route matched with {action = "ViewPolicies", controller = "purchase"}. Executing controller action with signature System.Threading.Tasks.Task`1[Microsoft.AspNetCore.Mvc.IActionResult] ViewPolicies() on controller E_Insurance.Controllers.purchaseController (E-Insurance).
2024-06-10 12:00:29.6422|INFO|Microsoft.AspNetCore.Mvc.Infrastructure.ObjectResultExecutor|Executing BadRequestObjectResult, writing value of type 'System.String'.
2024-06-10 12:00:29.6499|INFO|Microsoft.AspNetCore.Mvc.Infrastructure.ControllerActionInvoker|Executed action E_Insurance.Controllers.purchaseController.ViewPolicies (E-Insurance) in 307.1759ms
2024-06-10 12:00:29.6499|INFO|Microsoft.AspNetCore.Routing.EndpointMiddleware|Executed endpoint 'E_Insurance.Controllers.purchaseController.ViewPolicies (E-Insurance)'
2024-06-10 12:00:29.6499|INFO|Microsoft.AspNetCore.Hosting.Diagnostics|Request finished HTTP/2 GET https://localhost:7062/api/purchase - 400 - text/plain;+charset=utf-8 361.2061ms
2024-06-10 12:03:03.2581|INFO|Microsoft.AspNetCore.Hosting.Diagnostics|Request starting HTTP/2 PUT https://localhost:7062/api/registration/login - application/json 85
2024-06-10 12:03:03.2863|INFO|Microsoft.AspNetCore.Routing.EndpointMiddleware|Executing endpoint 'E_Insurance.Controllers.registrationController.Login (E-Insurance)'
2024-06-10 12:03:03.3070|INFO|Microsoft.AspNetCore.Mvc.Infrastructure.ControllerActionInvoker|Route matched with {action = "Login", controller = "registration"}. Executing controller action with signature System.Threading.Tasks.Task`1[Microsoft.AspNetCore.Mvc.IActionResult] Login(ModelLayer.RequestDTO.Registration.UserLoginRequest) on controller E_Insurance.Controllers.registrationController (E-Insurance).
2024-06-10 12:03:05.0081|INFO|RepositoryLayer.Services.RegistrationServiceRepo|Login API Executed
2024-06-10 12:03:05.0584|INFO|Microsoft.AspNetCore.Mvc.Infrastructure.ObjectResultExecutor|Executing OkObjectResult, writing value of type 'ModelLayer.ResponseDTO.ResponseModel`1[[System.String, System.Private.CoreLib, Version=8.0.0.0, Culture=neutral, PublicKeyToken=7cec85d7bea7798e]]'.
2024-06-10 12:03:05.0584|INFO|Microsoft.AspNetCore.Mvc.Infrastructure.ControllerActionInvoker|Executed action E_Insurance.Controllers.registrationController.Login (E-Insurance) in 1756.0331ms
2024-06-10 12:03:05.0584|INFO|Microsoft.AspNetCore.Routing.EndpointMiddleware|Executed endpoint 'E_Insurance.Controllers.registrationController.Login (E-Insurance)'
2024-06-10 12:03:05.0584|INFO|Microsoft.AspNetCore.Hosting.Diagnostics|Request finished HTTP/2 PUT https://localhost:7062/api/registration/login - 200 - application/json;+charset=utf-8 1806.8804ms
2024-06-10 12:04:35.9806|INFO|Microsoft.AspNetCore.Hosting.Diagnostics|Request starting HTTP/2 POST https://localhost:7062/api/purchase/customerDetails - application/json 225
2024-06-10 12:04:36.1160|INFO|Microsoft.AspNetCore.Routing.EndpointMiddleware|Executing endpoint 'E_Insurance.Controllers.purchaseController.CustomerDetails (E-Insurance)'
2024-06-10 12:04:36.1225|INFO|Microsoft.AspNetCore.Mvc.Infrastructure.ControllerActionInvoker|Route matched with {action = "CustomerDetails", controller = "purchase"}. Executing controller action with signature System.Threading.Tasks.Task`1[Microsoft.AspNetCore.Mvc.IActionResult] CustomerDetails(ModelLayer.RequestDTO.PolicyModels.CustomerDetailsRequest) on controller E_Insurance.Controllers.purchaseController (E-Insurance).
2024-06-10 12:04:36.1606|INFO|RepositoryLayer.Services.PurchaseServiceRepo|Customer Details Executed
2024-06-10 12:04:36.3208|ERROR|RepositoryLayer.Services.PurchaseServiceRepo|Error occurred while Executing Customer Details|Microsoft.Data.SqlClient.SqlException (0x80131904): Invalid column name 'PurchaseDate'.
   at Microsoft.Data.SqlClient.SqlConnection.OnError(SqlException exception, Boolean breakConnection, Action`1 wrapCloseInAction)
   at Microsoft.Data.SqlClient.SqlInternalConnection.OnError(SqlException exception, Boolean breakConnection, Action`1 wrapCloseInAction)
   at Microsoft.Data.SqlClient.TdsParser.ThrowExceptionAndWarning(TdsParserStateObject stateObj, SqlCommand command, Boolean callerHasConnectionLock, Boolean asyncClose)
   at Microsoft.Data.SqlClient.TdsParser.TryRun(RunBehavior runBehavior, SqlCommand cmdHandler, SqlDataReader dataStream, BulkCopySimpleResultSet bulkCopyHandler, TdsParserStateObject stateObj, Boolean& dataReady)
   at Microsoft.Data.SqlClient.SqlCommand.FinishExecuteReader(SqlDataReader ds, RunBehavior runBehavior, String resetOptionsString, Boolean isInternal, Boolean forDescribeParameterEncryption, Boolean shouldCacheForAlwaysEncrypted)
   at Microsoft.Data.SqlClient.SqlCommand.CompleteAsyncExecuteReader(Boolean isInternal, Boolean forDescribeParameterEncryption)
   at Microsoft.Data.SqlClient.SqlCommand.InternalEndExecuteNonQuery(IAsyncResult asyncResult, Boolean isInternal, String endMethod)
   at Microsoft.Data.SqlClient.SqlCommand.EndExecuteNonQueryInternal(IAsyncResult asyncResult)
   at Microsoft.Data.SqlClient.SqlCommand.EndExecuteNonQueryAsync(IAsyncResult asyncResult)
   at Microsoft.Data.SqlClient.SqlCommand.<>c.<InternalExecuteNonQueryAsync>b__193_1(IAsyncResult asyncResult)
   at System.Threading.Tasks.TaskFactory`1.FromAsyncCoreLogic(IAsyncResult iar, Func`2 endFunction, Action`1 endAction, Task`1 promise, Boolean requiresSynchronization)
--- End of stack trace from previous location ---
   at Dapper.SqlMapper.ExecuteImplAsync(IDbConnection cnn, CommandDefinition command, Object param) in /_/Dapper/SqlMapper.Async.cs:line 662
   at RepositoryLayer.Services.PurchaseServiceRepo.CustomerDetails(CustomerDetailsRequest request, Int32 CustomerId) in C:\Users\dilee\source\repos\E-Insurance\RepositoryLayer\Services\PurchaseServiceRepo.cs:line 44
ClientConnectionId:81cd26af-af77-45d6-86ee-dbc924268945
Error Number:207,State:1,Class:16
2024-06-10 12:04:36.7442|INFO|Microsoft.AspNetCore.Mvc.Infrastructure.ObjectResultExecutor|Executing BadRequestObjectResult, writing value of type 'System.String'.
2024-06-10 12:04:36.7442|INFO|Microsoft.AspNetCore.Mvc.Infrastructure.ControllerActionInvoker|Executed action E_Insurance.Controllers.purchaseController.CustomerDetails (E-Insurance) in 621.7219ms
2024-06-10 12:04:36.7442|INFO|Microsoft.AspNetCore.Routing.EndpointMiddleware|Executed endpoint 'E_Insurance.Controllers.purchaseController.CustomerDetails (E-Insurance)'
2024-06-10 12:04:36.7442|INFO|Microsoft.AspNetCore.Hosting.Diagnostics|Request finished HTTP/2 POST https://localhost:7062/api/purchase/customerDetails - 400 - text/plain;+charset=utf-8 765.8112ms
2024-06-10 12:09:46.1821|INFO|Microsoft.AspNetCore.DataProtection.KeyManagement.XmlKeyManager|User profile is available. Using 'C:\Users\dilee\AppData\Local\ASP.NET\DataProtection-Keys' as key repository and Windows DPAPI to encrypt keys at rest.
2024-06-10 12:09:47.0455|INFO|Microsoft.Hosting.Lifetime|Now listening on: https://localhost:7062
2024-06-10 12:09:47.0455|INFO|Microsoft.Hosting.Lifetime|Now listening on: http://localhost:5095
2024-06-10 12:09:47.1281|INFO|Microsoft.Hosting.Lifetime|Application started. Press Ctrl+C to shut down.
2024-06-10 12:09:47.1281|INFO|Microsoft.Hosting.Lifetime|Hosting environment: Development
2024-06-10 12:09:47.1281|INFO|Microsoft.Hosting.Lifetime|Content root path: C:\Users\dilee\source\repos\E-Insurance\E-Insurance
2024-06-10 12:09:47.6642|INFO|Microsoft.AspNetCore.Hosting.Diagnostics|Request starting HTTP/2 GET https://localhost:7062/swagger/index.html - - -
2024-06-10 12:09:48.4272|INFO|Microsoft.AspNetCore.Hosting.Diagnostics|Request starting HTTP/2 GET https://localhost:7062/_framework/aspnetcore-browser-refresh.js - - -
2024-06-10 12:09:48.4272|INFO|Microsoft.AspNetCore.Hosting.Diagnostics|Request finished HTTP/2 GET https://localhost:7062/swagger/index.html - 200 - text/html;charset=utf-8 777.0218ms
2024-06-10 12:09:48.4346|INFO|Microsoft.AspNetCore.Hosting.Diagnostics|Request starting HTTP/2 GET https://localhost:7062/_vs/browserLink - - -
2024-06-10 12:09:48.4346|INFO|Microsoft.AspNetCore.Hosting.Diagnostics|Request finished HTTP/2 GET https://localhost:7062/_framework/aspnetcore-browser-refresh.js - 200 13758 application/javascript;+charset=utf-8 16.2535ms
2024-06-10 12:09:48.4940|INFO|Microsoft.AspNetCore.Hosting.Diagnostics|Request finished HTTP/2 GET https://localhost:7062/_vs/browserLink - 200 - text/javascript;+charset=UTF-8 59.5699ms
2024-06-10 12:09:48.5275|INFO|Microsoft.AspNetCore.Hosting.Diagnostics|Request starting HTTP/2 GET https://localhost:7062/swagger/v1/swagger.json - - -
2024-06-10 12:09:48.6524|INFO|Microsoft.AspNetCore.Hosting.Diagnostics|Request finished HTTP/2 GET https://localhost:7062/swagger/v1/swagger.json - 200 - application/json;charset=utf-8 125.1978ms
2024-06-10 12:11:07.6976|INFO|Microsoft.AspNetCore.Hosting.Diagnostics|Request starting HTTP/2 POST https://localhost:7062/api/purchase/customerDetails - application/json 224
2024-06-10 12:11:07.7280|INFO|Microsoft.AspNetCore.Routing.EndpointMiddleware|Executing endpoint 'E_Insurance.Controllers.purchaseController.CustomerDetails (E-Insurance)'
2024-06-10 12:11:07.7939|INFO|Microsoft.AspNetCore.Mvc.Infrastructure.ControllerActionInvoker|Route matched with {action = "CustomerDetails", controller = "purchase"}. Executing controller action with signature System.Threading.Tasks.Task`1[Microsoft.AspNetCore.Mvc.IActionResult] CustomerDetails(ModelLayer.RequestDTO.PolicyModels.CustomerDetailsRequest) on controller E_Insurance.Controllers.purchaseController (E-Insurance).
2024-06-10 12:11:08.0509|INFO|Microsoft.AspNetCore.Mvc.Infrastructure.ObjectResultExecutor|Executing BadRequestObjectResult, writing value of type 'System.String'.
2024-06-10 12:11:08.0616|INFO|Microsoft.AspNetCore.Mvc.Infrastructure.ControllerActionInvoker|Executed action E_Insurance.Controllers.purchaseController.CustomerDetails (E-Insurance) in 257.3579ms
2024-06-10 12:11:08.0616|INFO|Microsoft.AspNetCore.Routing.EndpointMiddleware|Executed endpoint 'E_Insurance.Controllers.purchaseController.CustomerDetails (E-Insurance)'
2024-06-10 12:11:08.0616|INFO|Microsoft.AspNetCore.Hosting.Diagnostics|Request finished HTTP/2 POST https://localhost:7062/api/purchase/customerDetails - 400 - text/plain;+charset=utf-8 364.8949ms
2024-06-10 12:11:23.5198|INFO|Microsoft.AspNetCore.Hosting.Diagnostics|Request starting HTTP/2 POST https://localhost:7062/api/purchase/customerDetails - application/json 224
2024-06-10 12:11:23.6776|INFO|Microsoft.AspNetCore.Routing.EndpointMiddleware|Executing endpoint 'E_Insurance.Controllers.purchaseController.CustomerDetails (E-Insurance)'
2024-06-10 12:11:23.6776|INFO|Microsoft.AspNetCore.Mvc.Infrastructure.ControllerActionInvoker|Route matched with {action = "CustomerDetails", controller = "purchase"}. Executing controller action with signature System.Threading.Tasks.Task`1[Microsoft.AspNetCore.Mvc.IActionResult] CustomerDetails(ModelLayer.RequestDTO.PolicyModels.CustomerDetailsRequest) on controller E_Insurance.Controllers.purchaseController (E-Insurance).
2024-06-10 12:11:23.8826|INFO|RepositoryLayer.Services.PurchaseServiceRepo|Customer Details Executed
2024-06-10 12:11:24.6227|ERROR|RepositoryLayer.Services.PurchaseServiceRepo|Error occurred while Executing Customer Details|Microsoft.Data.SqlClient.SqlException (0x80131904): Procedure or function 'SP_AddPurchase' expects parameter '@PurchaseDate', which was not supplied.
   at Microsoft.Data.SqlClient.SqlConnection.OnError(SqlException exception, Boolean breakConnection, Action`1 wrapCloseInAction)
   at Microsoft.Data.SqlClient.SqlInternalConnection.OnError(SqlException exception, Boolean breakConnection, Action`1 wrapCloseInAction)
   at Microsoft.Data.SqlClient.TdsParser.ThrowExceptionAndWarning(TdsParserStateObject stateObj, SqlCommand command, Boolean callerHasConnectionLock, Boolean asyncClose)
   at Microsoft.Data.SqlClient.TdsParser.TryRun(RunBehavior runBehavior, SqlCommand cmdHandler, SqlDataReader dataStream, BulkCopySimpleResultSet bulkCopyHandler, TdsParserStateObject stateObj, Boolean& dataReady)
   at Microsoft.Data.SqlClient.SqlCommand.FinishExecuteReader(SqlDataReader ds, RunBehavior runBehavior, String resetOptionsString, Boolean isInternal, Boolean forDescribeParameterEncryption, Boolean shouldCacheForAlwaysEncrypted)
   at Microsoft.Data.SqlClient.SqlCommand.CompleteAsyncExecuteReader(Boolean isInternal, Boolean forDescribeParameterEncryption)
   at Microsoft.Data.SqlClient.SqlCommand.InternalEndExecuteNonQuery(IAsyncResult asyncResult, Boolean isInternal, String endMethod)
   at Microsoft.Data.SqlClient.SqlCommand.EndExecuteNonQueryInternal(IAsyncResult asyncResult)
   at Microsoft.Data.SqlClient.SqlCommand.EndExecuteNonQueryAsync(IAsyncResult asyncResult)
   at Microsoft.Data.SqlClient.SqlCommand.<>c.<InternalExecuteNonQueryAsync>b__193_1(IAsyncResult asyncResult)
   at System.Threading.Tasks.TaskFactory`1.FromAsyncCoreLogic(IAsyncResult iar, Func`2 endFunction, Action`1 endAction, Task`1 promise, Boolean requiresSynchronization)
--- End of stack trace from previous location ---
   at Dapper.SqlMapper.ExecuteImplAsync(IDbConnection cnn, CommandDefinition command, Object param) in /_/Dapper/SqlMapper.Async.cs:line 662
   at RepositoryLayer.Services.PurchaseServiceRepo.CustomerDetails(CustomerDetailsRequest request, Int32 CustomerId) in C:\Users\dilee\source\repos\E-Insurance\RepositoryLayer\Services\PurchaseServiceRepo.cs:line 43
ClientConnectionId:f6e09d3e-883a-49c3-866c-4bab629f5f5f
Error Number:201,State:4,Class:16
2024-06-10 12:11:24.9463|INFO|Microsoft.AspNetCore.Mvc.Infrastructure.ObjectResultExecutor|Executing BadRequestObjectResult, writing value of type 'System.String'.
2024-06-10 12:11:24.9463|INFO|Microsoft.AspNetCore.Mvc.Infrastructure.ControllerActionInvoker|Executed action E_Insurance.Controllers.purchaseController.CustomerDetails (E-Insurance) in 1269.1362ms
2024-06-10 12:11:24.9463|INFO|Microsoft.AspNetCore.Routing.EndpointMiddleware|Executed endpoint 'E_Insurance.Controllers.purchaseController.CustomerDetails (E-Insurance)'
2024-06-10 12:11:24.9463|INFO|Microsoft.AspNetCore.Hosting.Diagnostics|Request finished HTTP/2 POST https://localhost:7062/api/purchase/customerDetails - 400 - text/plain;+charset=utf-8 1429.2651ms
2024-06-10 12:13:17.6108|INFO|Microsoft.AspNetCore.Hosting.Diagnostics|Request starting HTTP/2 POST https://localhost:7062/api/purchase/customerDetails - application/json 224
2024-06-10 12:13:17.6294|INFO|Microsoft.AspNetCore.Routing.EndpointMiddleware|Executing endpoint 'E_Insurance.Controllers.purchaseController.CustomerDetails (E-Insurance)'
2024-06-10 12:13:17.6294|INFO|Microsoft.AspNetCore.Mvc.Infrastructure.ControllerActionInvoker|Route matched with {action = "CustomerDetails", controller = "purchase"}. Executing controller action with signature System.Threading.Tasks.Task`1[Microsoft.AspNetCore.Mvc.IActionResult] CustomerDetails(ModelLayer.RequestDTO.PolicyModels.CustomerDetailsRequest) on controller E_Insurance.Controllers.purchaseController (E-Insurance).
2024-06-10 12:13:17.6294|INFO|RepositoryLayer.Services.PurchaseServiceRepo|Customer Details Executed
2024-06-10 12:13:17.7586|INFO|Microsoft.AspNetCore.Mvc.Infrastructure.ObjectResultExecutor|Executing OkObjectResult, writing value of type 'ModelLayer.ResponseDTO.ResponseModel`1[[System.Boolean, System.Private.CoreLib, Version=8.0.0.0, Culture=neutral, PublicKeyToken=7cec85d7bea7798e]]'.
2024-06-10 12:13:17.7586|INFO|Microsoft.AspNetCore.Mvc.Infrastructure.ControllerActionInvoker|Executed action E_Insurance.Controllers.purchaseController.CustomerDetails (E-Insurance) in 131.9528ms
2024-06-10 12:13:17.7586|INFO|Microsoft.AspNetCore.Routing.EndpointMiddleware|Executed endpoint 'E_Insurance.Controllers.purchaseController.CustomerDetails (E-Insurance)'
2024-06-10 12:13:17.7586|INFO|Microsoft.AspNetCore.Hosting.Diagnostics|Request finished HTTP/2 POST https://localhost:7062/api/purchase/customerDetails - 200 - application/json;+charset=utf-8 154.4426ms
2024-06-10 12:14:07.0455|INFO|Microsoft.AspNetCore.Hosting.Diagnostics|Request starting HTTP/2 GET https://localhost:7062/swagger/index.html - - -
2024-06-10 12:14:07.0671|INFO|Microsoft.AspNetCore.Hosting.Diagnostics|Request finished HTTP/2 GET https://localhost:7062/swagger/index.html - 200 - text/html;charset=utf-8 21.7940ms
2024-06-10 12:14:07.0899|INFO|Microsoft.AspNetCore.Hosting.Diagnostics|Request starting HTTP/2 GET https://localhost:7062/_framework/aspnetcore-browser-refresh.js - - -
2024-06-10 12:14:07.0899|INFO|Microsoft.AspNetCore.Hosting.Diagnostics|Request starting HTTP/2 GET https://localhost:7062/_vs/browserLink - - -
2024-06-10 12:14:07.0899|INFO|Microsoft.AspNetCore.Hosting.Diagnostics|Request finished HTTP/2 GET https://localhost:7062/_framework/aspnetcore-browser-refresh.js - 200 13758 application/javascript;+charset=utf-8 1.8537ms
2024-06-10 12:14:07.1060|INFO|Microsoft.AspNetCore.Hosting.Diagnostics|Request finished HTTP/2 GET https://localhost:7062/_vs/browserLink - 200 - text/javascript;+charset=UTF-8 16.1468ms
2024-06-10 12:14:07.3205|INFO|Microsoft.AspNetCore.Hosting.Diagnostics|Request starting HTTP/2 GET https://localhost:7062/swagger/v1/swagger.json - - -
2024-06-10 12:14:07.3423|INFO|Microsoft.AspNetCore.Hosting.Diagnostics|Request finished HTTP/2 GET https://localhost:7062/swagger/v1/swagger.json - 200 - application/json;charset=utf-8 22.4825ms
2024-06-10 12:14:17.7381|INFO|Microsoft.AspNetCore.Hosting.Diagnostics|Request starting HTTP/2 POST https://localhost:7062/api/purchase/customerDetails - application/json 224
2024-06-10 12:14:17.7381|INFO|Microsoft.AspNetCore.Routing.EndpointMiddleware|Executing endpoint 'E_Insurance.Controllers.purchaseController.CustomerDetails (E-Insurance)'
2024-06-10 12:14:17.7381|INFO|Microsoft.AspNetCore.Mvc.Infrastructure.ControllerActionInvoker|Route matched with {action = "CustomerDetails", controller = "purchase"}. Executing controller action with signature System.Threading.Tasks.Task`1[Microsoft.AspNetCore.Mvc.IActionResult] CustomerDetails(ModelLayer.RequestDTO.PolicyModels.CustomerDetailsRequest) on controller E_Insurance.Controllers.purchaseController (E-Insurance).
2024-06-10 12:14:17.8183|INFO|Microsoft.AspNetCore.Mvc.Infrastructure.ObjectResultExecutor|Executing BadRequestObjectResult, writing value of type 'System.String'.
2024-06-10 12:14:17.8183|INFO|Microsoft.AspNetCore.Mvc.Infrastructure.ControllerActionInvoker|Executed action E_Insurance.Controllers.purchaseController.CustomerDetails (E-Insurance) in 72.7714ms
2024-06-10 12:14:17.8183|INFO|Microsoft.AspNetCore.Routing.EndpointMiddleware|Executed endpoint 'E_Insurance.Controllers.purchaseController.CustomerDetails (E-Insurance)'
2024-06-10 12:14:17.8183|INFO|Microsoft.AspNetCore.Hosting.Diagnostics|Request finished HTTP/2 POST https://localhost:7062/api/purchase/customerDetails - 400 - text/plain;+charset=utf-8 81.1634ms
2024-06-10 12:14:30.2077|INFO|Microsoft.AspNetCore.Hosting.Diagnostics|Request starting HTTP/2 POST https://localhost:7062/api/purchase/customerDetails - application/json 224
2024-06-10 12:14:30.2115|INFO|Microsoft.AspNetCore.Routing.EndpointMiddleware|Executing endpoint 'E_Insurance.Controllers.purchaseController.CustomerDetails (E-Insurance)'
2024-06-10 12:14:30.2115|INFO|Microsoft.AspNetCore.Mvc.Infrastructure.ControllerActionInvoker|Route matched with {action = "CustomerDetails", controller = "purchase"}. Executing controller action with signature System.Threading.Tasks.Task`1[Microsoft.AspNetCore.Mvc.IActionResult] CustomerDetails(ModelLayer.RequestDTO.PolicyModels.CustomerDetailsRequest) on controller E_Insurance.Controllers.purchaseController (E-Insurance).
2024-06-10 12:14:30.2115|INFO|RepositoryLayer.Services.PurchaseServiceRepo|Customer Details Executed
2024-06-10 12:14:30.4142|INFO|Microsoft.AspNetCore.Mvc.Infrastructure.ObjectResultExecutor|Executing CreatedAtActionResult, writing value of type 'ModelLayer.ResponseDTO.ResponseModel`1[[System.String, System.Private.CoreLib, Version=8.0.0.0, Culture=neutral, PublicKeyToken=7cec85d7bea7798e]]'.
2024-06-10 12:14:30.4404|INFO|Microsoft.AspNetCore.Mvc.Infrastructure.ControllerActionInvoker|Executed action E_Insurance.Controllers.purchaseController.CustomerDetails (E-Insurance) in 228.6538ms
2024-06-10 12:14:30.4404|INFO|Microsoft.AspNetCore.Routing.EndpointMiddleware|Executed endpoint 'E_Insurance.Controllers.purchaseController.CustomerDetails (E-Insurance)'
2024-06-10 12:14:30.4404|INFO|Microsoft.AspNetCore.Hosting.Diagnostics|Request finished HTTP/2 POST https://localhost:7062/api/purchase/customerDetails - 201 - application/json;+charset=utf-8 233.0212ms
2024-06-10 12:18:03.1769|INFO|Microsoft.AspNetCore.Hosting.Diagnostics|Request starting HTTP/2 GET https://localhost:7062/api/Policies/allPolicies - - -
2024-06-10 12:18:03.2183|INFO|Microsoft.AspNetCore.Routing.EndpointMiddleware|Executing endpoint 'E_Insurance.Controllers.PoliciesController.getAllPolicies (E-Insurance)'
2024-06-10 12:18:03.2183|INFO|Microsoft.AspNetCore.Mvc.Infrastructure.ControllerActionInvoker|Route matched with {action = "getAllPolicies", controller = "Policies"}. Executing controller action with signature System.Threading.Tasks.Task`1[Microsoft.AspNetCore.Mvc.IActionResult] getAllPolicies() on controller E_Insurance.Controllers.PoliciesController (E-Insurance).
2024-06-10 12:18:03.2183|INFO|RepositoryLayer.Services.PolicyServiceRepo|GetAllPolicies Executed
2024-06-10 12:18:03.3456|INFO|Microsoft.AspNetCore.Mvc.Infrastructure.ObjectResultExecutor|Executing OkObjectResult, writing value of type 'ModelLayer.ResponseDTO.ResponseModel`1[[System.Collections.Generic.IEnumerable`1[[ModelLayer.Entities.PolicyEntity, ModelLayer, Version=1.0.0.0, Culture=neutral, PublicKeyToken=null]], System.Private.CoreLib, Version=8.0.0.0, Culture=neutral, PublicKeyToken=7cec85d7bea7798e]]'.
2024-06-10 12:18:03.3583|INFO|Microsoft.AspNetCore.Mvc.Infrastructure.ControllerActionInvoker|Executed action E_Insurance.Controllers.PoliciesController.getAllPolicies (E-Insurance) in 133.8028ms
2024-06-10 12:18:03.3583|INFO|Microsoft.AspNetCore.Routing.EndpointMiddleware|Executed endpoint 'E_Insurance.Controllers.PoliciesController.getAllPolicies (E-Insurance)'
2024-06-10 12:18:03.3583|INFO|Microsoft.AspNetCore.Hosting.Diagnostics|Request finished HTTP/2 GET https://localhost:7062/api/Policies/allPolicies - 200 - application/json;+charset=utf-8 182.3009ms
2024-06-10 12:21:13.7058|INFO|Microsoft.AspNetCore.Hosting.Diagnostics|Request starting HTTP/2 POST https://localhost:7062/api/premium/calculatePremium - application/json 94
2024-06-10 12:21:13.7058|INFO|Microsoft.AspNetCore.Routing.EndpointMiddleware|Executing endpoint 'E_Insurance.Controllers.premiumController.CalculatePremium (E-Insurance)'
2024-06-10 12:21:13.7660|INFO|Microsoft.AspNetCore.Mvc.Infrastructure.ControllerActionInvoker|Route matched with {action = "CalculatePremium", controller = "premium"}. Executing controller action with signature System.Threading.Tasks.Task`1[Microsoft.AspNetCore.Mvc.IActionResult] CalculatePremium(ModelLayer.RequestDTO.PolicyModels.CalculatePremiumRequest) on controller E_Insurance.Controllers.premiumController (E-Insurance).
2024-06-10 12:21:13.9361|ERROR|RepositoryLayer.Services.PremiumServiceRepo|Error occurred while calcuting premium|Microsoft.Data.SqlClient.SqlException (0x80131904): Rate not found for the given PolicyType and AgeGroup.
   at Microsoft.Data.SqlClient.SqlConnection.OnError(SqlException exception, Boolean breakConnection, Action`1 wrapCloseInAction)
   at Microsoft.Data.SqlClient.SqlInternalConnection.OnError(SqlException exception, Boolean breakConnection, Action`1 wrapCloseInAction)
   at Microsoft.Data.SqlClient.TdsParser.ThrowExceptionAndWarning(TdsParserStateObject stateObj, SqlCommand command, Boolean callerHasConnectionLock, Boolean asyncClose)
   at Microsoft.Data.SqlClient.TdsParser.TryRun(RunBehavior runBehavior, SqlCommand cmdHandler, SqlDataReader dataStream, BulkCopySimpleResultSet bulkCopyHandler, TdsParserStateObject stateObj, Boolean& dataReady)
   at Microsoft.Data.SqlClient.SqlCommand.FinishExecuteReader(SqlDataReader ds, RunBehavior runBehavior, String resetOptionsString, Boolean isInternal, Boolean forDescribeParameterEncryption, Boolean shouldCacheForAlwaysEncrypted)
   at Microsoft.Data.SqlClient.SqlCommand.CompleteAsyncExecuteReader(Boolean isInternal, Boolean forDescribeParameterEncryption)
   at Microsoft.Data.SqlClient.SqlCommand.InternalEndExecuteNonQuery(IAsyncResult asyncResult, Boolean isInternal, String endMethod)
   at Microsoft.Data.SqlClient.SqlCommand.EndExecuteNonQueryInternal(IAsyncResult asyncResult)
   at Microsoft.Data.SqlClient.SqlCommand.EndExecuteNonQueryAsync(IAsyncResult asyncResult)
   at Microsoft.Data.SqlClient.SqlCommand.<>c.<InternalExecuteNonQueryAsync>b__193_1(IAsyncResult asyncResult)
   at System.Threading.Tasks.TaskFactory`1.FromAsyncCoreLogic(IAsyncResult iar, Func`2 endFunction, Action`1 endAction, Task`1 promise, Boolean requiresSynchronization)
--- End of stack trace from previous location ---
   at Dapper.SqlMapper.ExecuteImplAsync(IDbConnection cnn, CommandDefinition command, Object param) in /_/Dapper/SqlMapper.Async.cs:line 662
   at RepositoryLayer.Services.PremiumServiceRepo.CalculatePremium(CalculatePremiumRequest request)
ClientConnectionId:354670aa-7821-4dcb-9370-8c693b737dba
Error Number:50000,State:1,Class:16
2024-06-10 12:21:14.0954|INFO|Microsoft.AspNetCore.Mvc.Infrastructure.ObjectResultExecutor|Executing BadRequestObjectResult, writing value of type 'System.String'.
2024-06-10 12:21:14.0954|INFO|Microsoft.AspNetCore.Mvc.Infrastructure.ControllerActionInvoker|Executed action E_Insurance.Controllers.premiumController.CalculatePremium (E-Insurance) in 329.3932ms
2024-06-10 12:21:14.0954|INFO|Microsoft.AspNetCore.Routing.EndpointMiddleware|Executed endpoint 'E_Insurance.Controllers.premiumController.CalculatePremium (E-Insurance)'
2024-06-10 12:21:14.0954|INFO|Microsoft.AspNetCore.Hosting.Diagnostics|Request finished HTTP/2 POST https://localhost:7062/api/premium/calculatePremium - 400 - text/plain;+charset=utf-8 392.4568ms
2024-06-10 12:22:27.7502|INFO|Microsoft.AspNetCore.Hosting.Diagnostics|Request starting HTTP/2 POST https://localhost:7062/api/premium/addPremiumRate - application/json 64
2024-06-10 12:22:27.7613|INFO|Microsoft.AspNetCore.Routing.EndpointMiddleware|Executing endpoint 'E_Insurance.Controllers.premiumController.AddPremiumRate (E-Insurance)'
2024-06-10 12:22:27.8058|INFO|Microsoft.AspNetCore.Mvc.Infrastructure.ControllerActionInvoker|Route matched with {action = "AddPremiumRate", controller = "premium"}. Executing controller action with signature System.Threading.Tasks.Task`1[Microsoft.AspNetCore.Mvc.IActionResult] AddPremiumRate(ModelLayer.Entities.PremiumRates) on controller E_Insurance.Controllers.premiumController (E-Insurance).
2024-06-10 12:22:27.8371|INFO|RepositoryLayer.Services.PremiumServiceRepo|Add Premium Rate Executed
2024-06-10 12:22:27.8371|INFO|Microsoft.AspNetCore.Mvc.Infrastructure.ObjectResultExecutor|Executing CreatedAtActionResult, writing value of type 'ModelLayer.ResponseDTO.ResponseModel`1[[System.String, System.Private.CoreLib, Version=8.0.0.0, Culture=neutral, PublicKeyToken=7cec85d7bea7798e]]'.
2024-06-10 12:22:27.8371|INFO|Microsoft.AspNetCore.Mvc.Infrastructure.ControllerActionInvoker|Executed action E_Insurance.Controllers.premiumController.AddPremiumRate (E-Insurance) in 32.6124ms
2024-06-10 12:22:27.8371|INFO|Microsoft.AspNetCore.Routing.EndpointMiddleware|Executed endpoint 'E_Insurance.Controllers.premiumController.AddPremiumRate (E-Insurance)'
2024-06-10 12:22:27.8371|INFO|Microsoft.AspNetCore.Hosting.Diagnostics|Request finished HTTP/2 POST https://localhost:7062/api/premium/addPremiumRate - 201 - application/json;+charset=utf-8 88.6740ms
2024-06-10 12:22:50.1653|INFO|Microsoft.AspNetCore.Hosting.Diagnostics|Request starting HTTP/2 POST https://localhost:7062/api/premium/addPremiumRate - application/json 64
2024-06-10 12:22:50.1653|INFO|Microsoft.AspNetCore.Routing.EndpointMiddleware|Executing endpoint 'E_Insurance.Controllers.premiumController.AddPremiumRate (E-Insurance)'
2024-06-10 12:22:50.1653|INFO|Microsoft.AspNetCore.Mvc.Infrastructure.ControllerActionInvoker|Route matched with {action = "AddPremiumRate", controller = "premium"}. Executing controller action with signature System.Threading.Tasks.Task`1[Microsoft.AspNetCore.Mvc.IActionResult] AddPremiumRate(ModelLayer.Entities.PremiumRates) on controller E_Insurance.Controllers.premiumController (E-Insurance).
2024-06-10 12:22:50.1884|INFO|RepositoryLayer.Services.PremiumServiceRepo|Add Premium Rate Executed
2024-06-10 12:22:50.1884|INFO|Microsoft.AspNetCore.Mvc.Infrastructure.ObjectResultExecutor|Executing CreatedAtActionResult, writing value of type 'ModelLayer.ResponseDTO.ResponseModel`1[[System.String, System.Private.CoreLib, Version=8.0.0.0, Culture=neutral, PublicKeyToken=7cec85d7bea7798e]]'.
2024-06-10 12:22:50.1884|INFO|Microsoft.AspNetCore.Mvc.Infrastructure.ControllerActionInvoker|Executed action E_Insurance.Controllers.premiumController.AddPremiumRate (E-Insurance) in 14.5592ms
2024-06-10 12:22:50.1884|INFO|Microsoft.AspNetCore.Routing.EndpointMiddleware|Executed endpoint 'E_Insurance.Controllers.premiumController.AddPremiumRate (E-Insurance)'
2024-06-10 12:22:50.1884|INFO|Microsoft.AspNetCore.Hosting.Diagnostics|Request finished HTTP/2 POST https://localhost:7062/api/premium/addPremiumRate - 201 - application/json;+charset=utf-8 26.4957ms
2024-06-10 12:23:10.9747|INFO|Microsoft.AspNetCore.Hosting.Diagnostics|Request starting HTTP/2 POST https://localhost:7062/api/premium/addPremiumRate - application/json 64
2024-06-10 12:23:10.9789|INFO|Microsoft.AspNetCore.Routing.EndpointMiddleware|Executing endpoint 'E_Insurance.Controllers.premiumController.AddPremiumRate (E-Insurance)'
2024-06-10 12:23:10.9789|INFO|Microsoft.AspNetCore.Mvc.Infrastructure.ControllerActionInvoker|Route matched with {action = "AddPremiumRate", controller = "premium"}. Executing controller action with signature System.Threading.Tasks.Task`1[Microsoft.AspNetCore.Mvc.IActionResult] AddPremiumRate(ModelLayer.Entities.PremiumRates) on controller E_Insurance.Controllers.premiumController (E-Insurance).
2024-06-10 12:23:11.0073|INFO|RepositoryLayer.Services.PremiumServiceRepo|Add Premium Rate Executed
2024-06-10 12:23:11.0124|INFO|Microsoft.AspNetCore.Mvc.Infrastructure.ObjectResultExecutor|Executing CreatedAtActionResult, writing value of type 'ModelLayer.ResponseDTO.ResponseModel`1[[System.String, System.Private.CoreLib, Version=8.0.0.0, Culture=neutral, PublicKeyToken=7cec85d7bea7798e]]'.
2024-06-10 12:23:11.0124|INFO|Microsoft.AspNetCore.Mvc.Infrastructure.ControllerActionInvoker|Executed action E_Insurance.Controllers.premiumController.AddPremiumRate (E-Insurance) in 25.7495ms
2024-06-10 12:23:11.0124|INFO|Microsoft.AspNetCore.Routing.EndpointMiddleware|Executed endpoint 'E_Insurance.Controllers.premiumController.AddPremiumRate (E-Insurance)'
2024-06-10 12:23:11.0124|INFO|Microsoft.AspNetCore.Hosting.Diagnostics|Request finished HTTP/2 POST https://localhost:7062/api/premium/addPremiumRate - 201 - application/json;+charset=utf-8 40.4001ms
2024-06-10 12:23:15.1085|INFO|Microsoft.AspNetCore.Hosting.Diagnostics|Request starting HTTP/2 POST https://localhost:7062/api/premium/calculatePremium - application/json 94
2024-06-10 12:23:15.1085|INFO|Microsoft.AspNetCore.Routing.EndpointMiddleware|Executing endpoint 'E_Insurance.Controllers.premiumController.CalculatePremium (E-Insurance)'
2024-06-10 12:23:15.1085|INFO|Microsoft.AspNetCore.Mvc.Infrastructure.ControllerActionInvoker|Route matched with {action = "CalculatePremium", controller = "premium"}. Executing controller action with signature System.Threading.Tasks.Task`1[Microsoft.AspNetCore.Mvc.IActionResult] CalculatePremium(ModelLayer.RequestDTO.PolicyModels.CalculatePremiumRequest) on controller E_Insurance.Controllers.premiumController (E-Insurance).
2024-06-10 12:23:15.1413|INFO|RepositoryLayer.Services.PremiumServiceRepo|Calculate Premium Executed
2024-06-10 12:23:15.1413|INFO|Microsoft.AspNetCore.Mvc.Infrastructure.ObjectResultExecutor|Executing OkObjectResult, writing value of type 'ModelLayer.ResponseDTO.ResponseModel`1[[System.Decimal, System.Private.CoreLib, Version=8.0.0.0, Culture=neutral, PublicKeyToken=7cec85d7bea7798e]]'.
2024-06-10 12:23:15.1413|INFO|Microsoft.AspNetCore.Mvc.Infrastructure.ControllerActionInvoker|Executed action E_Insurance.Controllers.premiumController.CalculatePremium (E-Insurance) in 37.7008ms
2024-06-10 12:23:15.1413|INFO|Microsoft.AspNetCore.Routing.EndpointMiddleware|Executed endpoint 'E_Insurance.Controllers.premiumController.CalculatePremium (E-Insurance)'
2024-06-10 12:23:15.1413|INFO|Microsoft.AspNetCore.Hosting.Diagnostics|Request finished HTTP/2 POST https://localhost:7062/api/premium/calculatePremium - 200 - application/json;+charset=utf-8 39.1811ms
2024-06-10 13:40:20.0359|INFO|Microsoft.AspNetCore.DataProtection.KeyManagement.XmlKeyManager|User profile is available. Using 'C:\Users\dilee\AppData\Local\ASP.NET\DataProtection-Keys' as key repository and Windows DPAPI to encrypt keys at rest.
2024-06-10 13:40:20.4860|INFO|Microsoft.Hosting.Lifetime|Now listening on: https://localhost:7062
2024-06-10 13:40:20.4860|INFO|Microsoft.Hosting.Lifetime|Now listening on: http://localhost:5095
2024-06-10 13:40:20.5361|INFO|Microsoft.Hosting.Lifetime|Application started. Press Ctrl+C to shut down.
2024-06-10 13:40:20.5361|INFO|Microsoft.Hosting.Lifetime|Hosting environment: Development
2024-06-10 13:40:20.5361|INFO|Microsoft.Hosting.Lifetime|Content root path: C:\Users\dilee\source\repos\E-Insurance\E-Insurance
2024-06-10 13:40:21.7631|INFO|Microsoft.AspNetCore.Hosting.Diagnostics|Request starting HTTP/2 GET https://localhost:7062/swagger/index.html - - -
2024-06-10 13:40:22.5346|INFO|Microsoft.AspNetCore.Hosting.Diagnostics|Request finished HTTP/2 GET https://localhost:7062/swagger/index.html - 200 - text/html;charset=utf-8 785.6444ms
2024-06-10 13:40:22.5483|INFO|Microsoft.AspNetCore.Hosting.Diagnostics|Request starting HTTP/2 GET https://localhost:7062/_framework/aspnetcore-browser-refresh.js - - -
2024-06-10 13:40:22.5483|INFO|Microsoft.AspNetCore.Hosting.Diagnostics|Request starting HTTP/2 GET https://localhost:7062/_vs/browserLink - - -
2024-06-10 13:40:22.5649|INFO|Microsoft.AspNetCore.Hosting.Diagnostics|Request finished HTTP/2 GET https://localhost:7062/_framework/aspnetcore-browser-refresh.js - 200 13758 application/javascript;+charset=utf-8 17.0325ms
2024-06-10 13:40:22.6472|INFO|Microsoft.AspNetCore.Hosting.Diagnostics|Request finished HTTP/2 GET https://localhost:7062/_vs/browserLink - 200 - text/javascript;+charset=UTF-8 98.9226ms
2024-06-10 13:40:22.7472|INFO|Microsoft.AspNetCore.Hosting.Diagnostics|Request starting HTTP/2 GET https://localhost:7062/swagger/v1/swagger.json - - -
2024-06-10 13:40:22.9790|INFO|Microsoft.AspNetCore.Hosting.Diagnostics|Request finished HTTP/2 GET https://localhost:7062/swagger/v1/swagger.json - 200 - application/json;charset=utf-8 232.2604ms
2024-06-10 13:43:23.9728|INFO|Microsoft.AspNetCore.DataProtection.KeyManagement.XmlKeyManager|User profile is available. Using 'C:\Users\dilee\AppData\Local\ASP.NET\DataProtection-Keys' as key repository and Windows DPAPI to encrypt keys at rest.
2024-06-10 13:43:24.2588|INFO|Microsoft.Hosting.Lifetime|Now listening on: https://localhost:7062
2024-06-10 13:43:24.2588|INFO|Microsoft.Hosting.Lifetime|Now listening on: http://localhost:5095
2024-06-10 13:43:24.2968|INFO|Microsoft.Hosting.Lifetime|Application started. Press Ctrl+C to shut down.
2024-06-10 13:43:24.2973|INFO|Microsoft.Hosting.Lifetime|Hosting environment: Development
2024-06-10 13:43:24.2973|INFO|Microsoft.Hosting.Lifetime|Content root path: C:\Users\dilee\source\repos\E-Insurance\E-Insurance
2024-06-10 13:43:24.9984|INFO|Microsoft.AspNetCore.Hosting.Diagnostics|Request starting HTTP/2 GET https://localhost:7062/swagger/index.html - - -
2024-06-10 13:43:25.4550|INFO|Microsoft.AspNetCore.Hosting.Diagnostics|Request finished HTTP/2 GET https://localhost:7062/swagger/index.html - 200 - text/html;charset=utf-8 466.2919ms
2024-06-10 13:43:25.8457|INFO|Microsoft.AspNetCore.Hosting.Diagnostics|Request starting HTTP/2 GET https://localhost:7062/_framework/aspnetcore-browser-refresh.js - - -
2024-06-10 13:43:25.8457|INFO|Microsoft.AspNetCore.Hosting.Diagnostics|Request starting HTTP/2 GET https://localhost:7062/_vs/browserLink - - -
2024-06-10 13:43:25.8547|INFO|Microsoft.AspNetCore.Hosting.Diagnostics|Request finished HTTP/2 GET https://localhost:7062/_framework/aspnetcore-browser-refresh.js - 200 13758 application/javascript;+charset=utf-8 9.0367ms
2024-06-10 13:43:25.9076|INFO|Microsoft.AspNetCore.Hosting.Diagnostics|Request finished HTTP/2 GET https://localhost:7062/_vs/browserLink - 200 - text/javascript;+charset=UTF-8 56.9281ms
2024-06-10 13:43:25.9792|INFO|Microsoft.AspNetCore.Hosting.Diagnostics|Request starting HTTP/2 GET https://localhost:7062/swagger/v1/swagger.json - - -
2024-06-10 13:43:26.1553|INFO|Microsoft.AspNetCore.Hosting.Diagnostics|Request finished HTTP/2 GET https://localhost:7062/swagger/v1/swagger.json - 200 - application/json;charset=utf-8 176.3426ms
2024-06-10 13:51:22.8489|INFO|Microsoft.AspNetCore.Hosting.Diagnostics|Request starting HTTP/2 POST https://localhost:7062/api/purchase/purchasePolicy - application/json 120
2024-06-10 13:51:22.9131|INFO|Microsoft.AspNetCore.Routing.EndpointMiddleware|Executing endpoint 'E_Insurance.Controllers.purchaseController.PolicyPurchase (E-Insurance)'
2024-06-10 13:51:23.0182|INFO|Microsoft.AspNetCore.Mvc.Infrastructure.ControllerActionInvoker|Route matched with {action = "PolicyPurchase", controller = "purchase"}. Executing controller action with signature System.Threading.Tasks.Task`1[Microsoft.AspNetCore.Mvc.IActionResult] PolicyPurchase(ModelLayer.RequestDTO.Purchase.purchaseRequest) on controller E_Insurance.Controllers.purchaseController (E-Insurance).
2024-06-10 13:51:23.3591|INFO|Microsoft.AspNetCore.Mvc.Infrastructure.ObjectResultExecutor|Executing BadRequestObjectResult, writing value of type 'System.String'.
2024-06-10 13:51:23.3690|INFO|Microsoft.AspNetCore.Mvc.Infrastructure.ControllerActionInvoker|Executed action E_Insurance.Controllers.purchaseController.PolicyPurchase (E-Insurance) in 341.8373ms
2024-06-10 13:51:23.3690|INFO|Microsoft.AspNetCore.Routing.EndpointMiddleware|Executed endpoint 'E_Insurance.Controllers.purchaseController.PolicyPurchase (E-Insurance)'
2024-06-10 13:51:23.3690|INFO|Microsoft.AspNetCore.Hosting.Diagnostics|Request finished HTTP/2 POST https://localhost:7062/api/purchase/purchasePolicy - 400 - text/plain;+charset=utf-8 523.7888ms
2024-06-10 13:51:44.3381|INFO|Microsoft.AspNetCore.Hosting.Diagnostics|Request starting HTTP/2 POST https://localhost:7062/api/purchase/purchasePolicy - application/json 120
2024-06-10 13:51:44.5453|INFO|Microsoft.AspNetCore.Routing.EndpointMiddleware|Executing endpoint 'E_Insurance.Controllers.purchaseController.PolicyPurchase (E-Insurance)'
2024-06-10 13:51:44.5453|INFO|Microsoft.AspNetCore.Mvc.Infrastructure.ControllerActionInvoker|Route matched with {action = "PolicyPurchase", controller = "purchase"}. Executing controller action with signature System.Threading.Tasks.Task`1[Microsoft.AspNetCore.Mvc.IActionResult] PolicyPurchase(ModelLayer.RequestDTO.Purchase.purchaseRequest) on controller E_Insurance.Controllers.purchaseController (E-Insurance).
2024-06-10 13:51:44.8792|INFO|RepositoryLayer.Services.PurchaseServiceRepo|Policy Purchased Executed
2024-06-10 13:51:46.0597|INFO|Microsoft.AspNetCore.Mvc.Infrastructure.ObjectResultExecutor|Executing CreatedAtActionResult, writing value of type 'ModelLayer.ResponseDTO.ResponseModel`1[[System.String, System.Private.CoreLib, Version=8.0.0.0, Culture=neutral, PublicKeyToken=7cec85d7bea7798e]]'.
2024-06-10 13:51:46.1013|INFO|Microsoft.AspNetCore.Mvc.Infrastructure.ControllerActionInvoker|Executed action E_Insurance.Controllers.purchaseController.PolicyPurchase (E-Insurance) in 1555.3494ms
2024-06-10 13:51:46.1013|INFO|Microsoft.AspNetCore.Routing.EndpointMiddleware|Executed endpoint 'E_Insurance.Controllers.purchaseController.PolicyPurchase (E-Insurance)'
2024-06-10 13:51:46.1031|INFO|Microsoft.AspNetCore.Hosting.Diagnostics|Request finished HTTP/2 POST https://localhost:7062/api/purchase/purchasePolicy - 201 - application/json;+charset=utf-8 1766.1191ms
2024-06-10 15:10:46.8463|INFO|Microsoft.AspNetCore.Hosting.Diagnostics|Request starting HTTP/2 POST https://localhost:7062/api/premium/calculatePremium - application/json 93
2024-06-10 15:10:46.9059|INFO|Microsoft.AspNetCore.Routing.EndpointMiddleware|Executing endpoint 'E_Insurance.Controllers.premiumController.CalculatePremium (E-Insurance)'
2024-06-10 15:10:46.9935|INFO|Microsoft.AspNetCore.Mvc.Infrastructure.ControllerActionInvoker|Route matched with {action = "CalculatePremium", controller = "premium"}. Executing controller action with signature System.Threading.Tasks.Task`1[Microsoft.AspNetCore.Mvc.IActionResult] CalculatePremium(ModelLayer.RequestDTO.PolicyModels.CalculatePremiumRequest) on controller E_Insurance.Controllers.premiumController (E-Insurance).
2024-06-10 15:10:47.3347|INFO|RepositoryLayer.Services.PremiumServiceRepo|Calculate Premium Executed
2024-06-10 15:10:47.3347|INFO|Microsoft.AspNetCore.Mvc.Infrastructure.ObjectResultExecutor|Executing OkObjectResult, writing value of type 'ModelLayer.ResponseDTO.ResponseModel`1[[System.Decimal, System.Private.CoreLib, Version=8.0.0.0, Culture=neutral, PublicKeyToken=7cec85d7bea7798e]]'.
2024-06-10 15:10:47.3531|INFO|Microsoft.AspNetCore.Mvc.Infrastructure.ControllerActionInvoker|Executed action E_Insurance.Controllers.premiumController.CalculatePremium (E-Insurance) in 359.0415ms
2024-06-10 15:10:47.3531|INFO|Microsoft.AspNetCore.Routing.EndpointMiddleware|Executed endpoint 'E_Insurance.Controllers.premiumController.CalculatePremium (E-Insurance)'
2024-06-10 15:10:47.3579|INFO|Microsoft.AspNetCore.Hosting.Diagnostics|Request finished HTTP/2 POST https://localhost:7062/api/premium/calculatePremium - 200 - application/json;+charset=utf-8 516.0498ms
2024-06-10 15:13:46.1087|INFO|Microsoft.AspNetCore.Hosting.Diagnostics|Request starting HTTP/2 GET https://localhost:7062/api/purchase - - -
2024-06-10 15:13:46.1380|INFO|Microsoft.AspNetCore.Routing.EndpointMiddleware|Executing endpoint 'E_Insurance.Controllers.purchaseController.ViewPolicies (E-Insurance)'
2024-06-10 15:13:46.1380|INFO|Microsoft.AspNetCore.Mvc.Infrastructure.ControllerActionInvoker|Route matched with {action = "ViewPolicies", controller = "purchase"}. Executing controller action with signature System.Threading.Tasks.Task`1[Microsoft.AspNetCore.Mvc.IActionResult] ViewPolicies() on controller E_Insurance.Controllers.purchaseController (E-Insurance).
2024-06-10 15:13:46.2270|INFO|RepositoryLayer.Services.PurchaseServiceRepo|Get policies Executed
2024-06-10 15:13:46.5107|INFO|Microsoft.AspNetCore.Mvc.Infrastructure.ObjectResultExecutor|Executing OkObjectResult, writing value of type 'ModelLayer.ResponseDTO.ResponseModel`1[[System.Collections.Generic.IEnumerable`1[[ModelLayer.Entities.PolicyPurchaseEntity, ModelLayer, Version=1.0.0.0, Culture=neutral, PublicKeyToken=null]], System.Private.CoreLib, Version=8.0.0.0, Culture=neutral, PublicKeyToken=7cec85d7bea7798e]]'.
2024-06-10 15:13:46.5425|INFO|Microsoft.AspNetCore.Mvc.Infrastructure.ControllerActionInvoker|Executed action E_Insurance.Controllers.purchaseController.ViewPolicies (E-Insurance) in 393.4566ms
2024-06-10 15:13:46.5425|INFO|Microsoft.AspNetCore.Routing.EndpointMiddleware|Executed endpoint 'E_Insurance.Controllers.purchaseController.ViewPolicies (E-Insurance)'
2024-06-10 15:13:46.5430|INFO|Microsoft.AspNetCore.Hosting.Diagnostics|Request finished HTTP/2 GET https://localhost:7062/api/purchase - 200 - application/json;+charset=utf-8 434.3995ms
2024-06-10 15:14:42.6831|INFO|Microsoft.AspNetCore.Hosting.Diagnostics|Request starting HTTP/2 GET https://localhost:7062/api/purchase - - -
2024-06-10 15:14:42.6831|INFO|Microsoft.AspNetCore.Routing.EndpointMiddleware|Executing endpoint 'E_Insurance.Controllers.purchaseController.ViewPolicies (E-Insurance)'
2024-06-10 15:14:42.6831|INFO|Microsoft.AspNetCore.Mvc.Infrastructure.ControllerActionInvoker|Route matched with {action = "ViewPolicies", controller = "purchase"}. Executing controller action with signature System.Threading.Tasks.Task`1[Microsoft.AspNetCore.Mvc.IActionResult] ViewPolicies() on controller E_Insurance.Controllers.purchaseController (E-Insurance).
2024-06-10 15:14:42.6831|INFO|RepositoryLayer.Services.PurchaseServiceRepo|Get policies Executed
2024-06-10 15:14:42.7149|INFO|Microsoft.AspNetCore.Mvc.Infrastructure.ObjectResultExecutor|Executing OkObjectResult, writing value of type 'ModelLayer.ResponseDTO.ResponseModel`1[[System.Collections.Generic.IEnumerable`1[[ModelLayer.Entities.PolicyPurchaseEntity, ModelLayer, Version=1.0.0.0, Culture=neutral, PublicKeyToken=null]], System.Private.CoreLib, Version=8.0.0.0, Culture=neutral, PublicKeyToken=7cec85d7bea7798e]]'.
2024-06-10 15:14:42.7149|INFO|Microsoft.AspNetCore.Mvc.Infrastructure.ControllerActionInvoker|Executed action E_Insurance.Controllers.purchaseController.ViewPolicies (E-Insurance) in 29.5989ms
2024-06-10 15:14:42.7149|INFO|Microsoft.AspNetCore.Routing.EndpointMiddleware|Executed endpoint 'E_Insurance.Controllers.purchaseController.ViewPolicies (E-Insurance)'
2024-06-10 15:14:42.7149|INFO|Microsoft.AspNetCore.Hosting.Diagnostics|Request finished HTTP/2 GET https://localhost:7062/api/purchase - 200 - application/json;+charset=utf-8 33.2562ms
